+ ntasks=1
+ nprocx=1
+ nprocy=1
+ export OMP_NUM_THREADS=1
+ OMP_NUM_THREADS=1
+ export GMON_OUT_PREFIX=gmon.out-
+ GMON_OUT_PREFIX=gmon.out-
+ export LD_LIBRARY_PATH=LD_LIBRARY_PATH:/home/atmodynamics/schmid/spack/opt/spack/linux-scientific7-x86_64/intel-18.0.3/hypre-2.15.1-j7lo2mzfhd7bnrcivaf6bsaqjwimsp3m/lib/
+ LD_LIBRARY_PATH=LD_LIBRARY_PATH:/home/atmodynamics/schmid/spack/opt/spack/linux-scientific7-x86_64/intel-18.0.3/hypre-2.15.1-j7lo2mzfhd7bnrcivaf6bsaqjwimsp3m/lib/
+ d_home=/home/atmodynamics/schmid/git_PF_2020/pinc_f2Omegasiny_BK19cases
+ d_scratch=/scratch/atmodynamics/schmid/paper2020_results
+ d_nam=/home/atmodynamics/schmid/git_PF_2020/pinc_f2Omegasiny_BK19cases/bin_IGW3_expl
+ fp_exe=/home/atmodynamics/schmid/git_PF_2020/pinc_f2Omegasiny_BK19cases/bin_IGW3_expl/pinc
+ d_work=/scratch/atmodynamics/schmid/paper2020_results/BK19_IGWcase3_expl_muscl1
+ mkdir /scratch/atmodynamics/schmid/paper2020_results/BK19_IGWcase3_expl_muscl1
mkdir: das Verzeichnis „/scratch/atmodynamics/schmid/paper2020_results/BK19_IGWcase3_expl_muscl1“ kann nicht angelegt werden: Die Datei existiert bereits
+ cd /scratch/atmodynamics/schmid/paper2020_results/BK19_IGWcase3_expl_muscl1
+ sed -e 's/{nprocx}/1/' -e 's/{nprocy}/1/' /home/atmodynamics/schmid/git_PF_2020/pinc_f2Omegasiny_BK19cases/bin_IGW3_expl/input.f90
+ mpirun -np 1 /home/atmodynamics/schmid/git_PF_2020/pinc_f2Omegasiny_BK19cases/bin_IGW3_expl/pinc
slurmstepd: error: *** JOB 578098 ON node45-004 CANCELLED AT 2021-04-06T08:48:03 ***
