+ ntasks=576
+ nprocx=12
+ nprocy=48
+ export OMP_NUM_THREADS=1
+ OMP_NUM_THREADS=1
+ export GMON_OUT_PREFIX=gmon.out-
+ GMON_OUT_PREFIX=gmon.out-
+ export LD_LIBRARY_PATH=LD_LIBRARY_PATH:/home/atmodynamics/schmid/spack/opt/spack/linux-scientific7-x86_64/intel-18.0.3/hypre-2.15.1-j7lo2mzfhd7bnrcivaf6bsaqjwimsp3m/lib/
+ LD_LIBRARY_PATH=LD_LIBRARY_PATH:/home/atmodynamics/schmid/spack/opt/spack/linux-scientific7-x86_64/intel-18.0.3/hypre-2.15.1-j7lo2mzfhd7bnrcivaf6bsaqjwimsp3m/lib/
+ d_home=/home/atmodynamics/schmid/git_PF_2020/pinc_f2Omegasiny_BK19cases
+ d_scratch=/scratch/atmodynamics/schmid/Dissertation
+ d_nam=/home/atmodynamics/schmid/git_PF_2020/pinc_f2Omegasiny_BK19cases/bin_barLC_50km_nL
+ fp_exe=/home/atmodynamics/schmid/git_PF_2020/pinc_f2Omegasiny_BK19cases/bin_barLC_50km_nL/pinc
+ d_work=/scratch/atmodynamics/schmid/Dissertation/barLC_50km_HS94_shap0.01
+ mkdir /scratch/atmodynamics/schmid/Dissertation/barLC_50km_HS94_shap0.01
mkdir: das Verzeichnis „/scratch/atmodynamics/schmid/Dissertation/barLC_50km_HS94_shap0.01“ kann nicht angelegt werden: Die Datei existiert bereits
+ cd /scratch/atmodynamics/schmid/Dissertation/barLC_50km_HS94_shap0.01
+ sed -e 's/{nprocx}/12/' -e 's/{nprocy}/48/' /home/atmodynamics/schmid/git_PF_2020/pinc_f2Omegasiny_BK19cases/bin_barLC_50km_nL/input.f90
+ mpirun -np 576 /home/atmodynamics/schmid/git_PF_2020/pinc_f2Omegasiny_BK19cases/bin_barLC_50km_nL/pinc
+ exit 0
