+ ntasks=2304
+ nprocx=24
+ nprocy=96
+ export OMP_NUM_THREADS=1
+ OMP_NUM_THREADS=1
+ export GMON_OUT_PREFIX=gmon.out-
+ GMON_OUT_PREFIX=gmon.out-
+ export LD_LIBRARY_PATH=LD_LIBRARY_PATH:/home/atmodynamics/schmid/spack/opt/spack/linux-scientific7-x86_64/intel-18.0.3/hypre-2.15.1-j7lo2mzfhd7bnrcivaf6bsaqjwimsp3m/lib/
+ LD_LIBRARY_PATH=LD_LIBRARY_PATH:/home/atmodynamics/schmid/spack/opt/spack/linux-scientific7-x86_64/intel-18.0.3/hypre-2.15.1-j7lo2mzfhd7bnrcivaf6bsaqjwimsp3m/lib/
+ d_home=/home/atmodynamics/schmid/git_PF_2020/pinc_f2Omegasiny_BK19cases
+ d_scratch=/scratch/atmodynamics/schmid/Dissertation
+ d_nam=/home/atmodynamics/schmid/git_PF_2020/pinc_f2Omegasiny_BK19cases/bin_barLC_25km
+ fp_exe=/home/atmodynamics/schmid/git_PF_2020/pinc_f2Omegasiny_BK19cases/bin_barLC_25km/pinc
+ d_work=/scratch/atmodynamics/schmid/Dissertation/barLC_25kmx25kmx500m
+ mkdir /scratch/atmodynamics/schmid/Dissertation/barLC_25kmx25kmx500m
mkdir: das Verzeichnis „/scratch/atmodynamics/schmid/Dissertation/barLC_25kmx25kmx500m“ kann nicht angelegt werden: Die Datei existiert bereits
+ cd /scratch/atmodynamics/schmid/Dissertation/barLC_25kmx25kmx500m
+ sed -e 's/{nprocx}/24/' -e 's/{nprocy}/96/' /home/atmodynamics/schmid/git_PF_2020/pinc_f2Omegasiny_BK19cases/bin_barLC_25km/input.f90
+ mpirun -np 2304 /home/atmodynamics/schmid/git_PF_2020/pinc_f2Omegasiny_BK19cases/bin_barLC_25km/pinc
slurmstepd: error: *** JOB 629417 ON node47-019 CANCELLED AT 2021-06-06T16:31:24 DUE TO TIME LIMIT ***
