+ ntasks=128
+ nprocx=8
+ nprocy=16
+ export OMP_NUM_THREADS=1
+ OMP_NUM_THREADS=1
+ export GMON_OUT_PREFIX=gmon.out-
+ GMON_OUT_PREFIX=gmon.out-
+ export LD_LIBRARY_PATH=LD_LIBRARY_PATH:/home/atmodynamics/schmid/spack/opt/spack/linux-scientific7-x86_64/intel-18.0.3/hypre-2.15.1-j7lo2mzfhd7bnrcivaf6bsaqjwimsp3m/lib/
+ LD_LIBRARY_PATH=LD_LIBRARY_PATH:/home/atmodynamics/schmid/spack/opt/spack/linux-scientific7-x86_64/intel-18.0.3/hypre-2.15.1-j7lo2mzfhd7bnrcivaf6bsaqjwimsp3m/lib/
+ d_home=/home/atmodynamics/schmid/git_PF_2020/pinc_f2Omegasiny_BK19cases
+ d_scratch=/scratch/atmodynamics/schmid
+ d_nam=/home/atmodynamics/schmid/git_PF_2020/pinc_f2Omegasiny_BK19cases/bin_hotBubble3D
+ fp_exe=/home/atmodynamics/schmid/git_PF_2020/pinc_f2Omegasiny_BK19cases/bin_hotBubble3D/pinc
+ d_work=/scratch/atmodynamics/schmid/hotBubble3D
+ mkdir /scratch/atmodynamics/schmid/hotBubble3D
mkdir: das Verzeichnis „/scratch/atmodynamics/schmid/hotBubble3D“ kann nicht angelegt werden: Die Datei existiert bereits
+ cd /scratch/atmodynamics/schmid/hotBubble3D
+ sed -e 's/{nprocx}/8/' -e 's/{nprocy}/16/' /home/atmodynamics/schmid/git_PF_2020/pinc_f2Omegasiny_BK19cases/bin_hotBubble3D/input.f90
+ mpirun -np 128 /home/atmodynamics/schmid/git_PF_2020/pinc_f2Omegasiny_BK19cases/bin_hotBubble3D/pinc
slurmstepd: error: *** JOB 656904 ON node45-003 CANCELLED AT 2021-08-03T08:20:48 DUE TO TIME LIMIT ***
