+ ntasks=64
+ nprocx=4
+ nprocy=16
+ export OMP_NUM_THREADS=1
+ OMP_NUM_THREADS=1
+ export GMON_OUT_PREFIX=gmon.out-
+ GMON_OUT_PREFIX=gmon.out-
+ export LD_LIBRARY_PATH=LD_LIBRARY_PATH:/home/atmodynamics/schmid/spack/opt/spack/linux-scientific7-x86_64/intel-18.0.3/hypre-2.15.1-j7lo2mzfhd7bnrcivaf6bsaqjwimsp3m/lib/
+ LD_LIBRARY_PATH=LD_LIBRARY_PATH:/home/atmodynamics/schmid/spack/opt/spack/linux-scientific7-x86_64/intel-18.0.3/hypre-2.15.1-j7lo2mzfhd7bnrcivaf6bsaqjwimsp3m/lib/
+ d_home=/home/atmodynamics/schmid/git_PF_2020/pinc_f2Omegasiny_BK19cases
+ d_scratch=/scratch/atmodynamics/schmid/Dissertation
+ d_nam=/home/atmodynamics/schmid/git_PF_2020/pinc_f2Omegasiny_BK19cases/bin_barLC_50km_spongetest
+ fp_exe=/home/atmodynamics/schmid/git_PF_2020/pinc_f2Omegasiny_BK19cases/bin_barLC_50km_spongetest/pinc
+ d_work=/scratch/atmodynamics/schmid/Dissertation/barLC_50km_HS94_spongetest_0.5
+ mkdir /scratch/atmodynamics/schmid/Dissertation/barLC_50km_HS94_spongetest_0.5
mkdir: das Verzeichnis „/scratch/atmodynamics/schmid/Dissertation/barLC_50km_HS94_spongetest_0.5“ kann nicht angelegt werden: Die Datei existiert bereits
+ cd /scratch/atmodynamics/schmid/Dissertation/barLC_50km_HS94_spongetest_0.5
+ sed -e 's/{nprocx}/4/' -e 's/{nprocy}/16/' /home/atmodynamics/schmid/git_PF_2020/pinc_f2Omegasiny_BK19cases/bin_barLC_50km_spongetest/input.f90
+ mpirun -np 64 /home/atmodynamics/schmid/git_PF_2020/pinc_f2Omegasiny_BK19cases/bin_barLC_50km_spongetest/pinc
slurmstepd: error: *** JOB 652462 ON node45-001 CANCELLED AT 2021-07-26T09:53:03 ***
