+ ntasks=160
+ nprocx=160
+ nprocy=1
+ export OMP_NUM_THREADS=1
+ OMP_NUM_THREADS=1
+ export GMON_OUT_PREFIX=gmon.out-
+ GMON_OUT_PREFIX=gmon.out-
+ export LD_LIBRARY_PATH=LD_LIBRARY_PATH:/home/atmodynamics/schmid/spack/opt/spack/linux-scientific7-x86_64/intel-18.0.3/hypre-2.15.1-j7lo2mzfhd7bnrcivaf6bsaqjwimsp3m/lib/
+ LD_LIBRARY_PATH=LD_LIBRARY_PATH:/home/atmodynamics/schmid/spack/opt/spack/linux-scientific7-x86_64/intel-18.0.3/hypre-2.15.1-j7lo2mzfhd7bnrcivaf6bsaqjwimsp3m/lib/
+ d_home=/home/atmodynamics/schmid/git_PF_2020/pinc_f2Omegasiny_BK19cases
+ d_scratch=/scratch/atmodynamics/schmid/Dissertation
+ d_nam=/home/atmodynamics/schmid/git_PF_2020/pinc_f2Omegasiny_BK19cases/bin_wavePacket2D_1280
+ fp_exe=/home/atmodynamics/schmid/git_PF_2020/pinc_f2Omegasiny_BK19cases/bin_wavePacket2D_1280/pinc
+ d_work=/scratch/atmodynamics/schmid/Dissertation/wavePacket2D_1280_si_cfl0.1667
+ mkdir /scratch/atmodynamics/schmid/Dissertation/wavePacket2D_1280_si_cfl0.1667
mkdir: das Verzeichnis „/scratch/atmodynamics/schmid/Dissertation/wavePacket2D_1280_si_cfl0.1667“ kann nicht angelegt werden: Die Datei existiert bereits
+ cd /scratch/atmodynamics/schmid/Dissertation/wavePacket2D_1280_si_cfl0.1667
+ sed -e 's/{nprocx}/160/' -e 's/{nprocy}/1/' /home/atmodynamics/schmid/git_PF_2020/pinc_f2Omegasiny_BK19cases/bin_wavePacket2D_1280/input.f90
+ mpirun -np 160 /home/atmodynamics/schmid/git_PF_2020/pinc_f2Omegasiny_BK19cases/bin_wavePacket2D_1280/pinc
slurmstepd: error: *** JOB 587630 ON node46-001 CANCELLED AT 2021-04-14T13:32:32 ***
