+ ntasks=256
+ nprocx=8
+ nprocy=32
+ export OMP_NUM_THREADS=1
+ OMP_NUM_THREADS=1
+ export GMON_OUT_PREFIX=gmon.out-
+ GMON_OUT_PREFIX=gmon.out-
+ export LD_LIBRARY_PATH=LD_LIBRARY_PATH:/home/atmodynamics/schmid/spack/opt/spack/linux-scientific7-x86_64/intel-18.0.3/hypre-2.15.1-j7lo2mzfhd7bnrcivaf6bsaqjwimsp3m/lib/
+ LD_LIBRARY_PATH=LD_LIBRARY_PATH:/home/atmodynamics/schmid/spack/opt/spack/linux-scientific7-x86_64/intel-18.0.3/hypre-2.15.1-j7lo2mzfhd7bnrcivaf6bsaqjwimsp3m/lib/
+ d_home=/home/atmodynamics/schmid/git_PF_2020/pinc_f2Omegasiny_BK19cases
+ d_scratch=/scratch/atmodynamics/schmid
+ d_nam=/home/atmodynamics/schmid/git_PF_2020/pinc_f2Omegasiny_BK19cases/bin_barLC_75km
+ fp_exe=/home/atmodynamics/schmid/git_PF_2020/pinc_f2Omegasiny_BK19cases/bin_barLC_75km/pinc
+ d_work=/scratch/atmodynamics/schmid/barLC_75km_HS94
+ mkdir /scratch/atmodynamics/schmid/barLC_75km_HS94
mkdir: das Verzeichnis „/scratch/atmodynamics/schmid/barLC_75km_HS94“ kann nicht angelegt werden: Die Datei existiert bereits
+ cd /scratch/atmodynamics/schmid/barLC_75km_HS94
+ sed -e 's/{nprocx}/8/' -e 's/{nprocy}/32/' /home/atmodynamics/schmid/git_PF_2020/pinc_f2Omegasiny_BK19cases/bin_barLC_75km/input.f90
+ mpirun -np 256 /home/atmodynamics/schmid/git_PF_2020/pinc_f2Omegasiny_BK19cases/bin_barLC_75km/pinc
slurmstepd: error: *** JOB 573108 ON node47-009 CANCELLED AT 2021-04-02T15:59:57 ***
