+ ntasks=384
+ nprocx=16
+ nprocy=24
+ export OMP_NUM_THREADS=1
+ OMP_NUM_THREADS=1
+ export GMON_OUT_PREFIX=gmon.out-
+ GMON_OUT_PREFIX=gmon.out-
+ export LD_LIBRARY_PATH=LD_LIBRARY_PATH:/home/atmodynamics/schmid/spack/opt/spack/linux-scientific7-x86_64/intel-18.0.3/hypre-2.15.1-j7lo2mzfhd7bnrcivaf6bsaqjwimsp3m/lib/
+ LD_LIBRARY_PATH=LD_LIBRARY_PATH:/home/atmodynamics/schmid/spack/opt/spack/linux-scientific7-x86_64/intel-18.0.3/hypre-2.15.1-j7lo2mzfhd7bnrcivaf6bsaqjwimsp3m/lib/
+ d_home=/home/atmodynamics/schmid/git_PF_2020/pinc_f2Omegasiny_BK19cases
+ d_scratch=/scratch/atmodynamics/schmid
+ d_nam=/home/atmodynamics/schmid/git_PF_2020/pinc_f2Omegasiny_BK19cases/bin_smoothvortex_768
+ fp_exe=/home/atmodynamics/schmid/git_PF_2020/pinc_f2Omegasiny_BK19cases/bin_smoothvortex_768/pinc
+ d_work=/scratch/atmodynamics/schmid/smoothvortex_768
+ mkdir /scratch/atmodynamics/schmid/smoothvortex_768
mkdir: das Verzeichnis „/scratch/atmodynamics/schmid/smoothvortex_768“ kann nicht angelegt werden: Die Datei existiert bereits
+ cd /scratch/atmodynamics/schmid/smoothvortex_768
+ sed -e 's/{nprocx}/16/' -e 's/{nprocy}/24/' /home/atmodynamics/schmid/git_PF_2020/pinc_f2Omegasiny_BK19cases/bin_smoothvortex_768/input.f90
+ mpirun -np 384 /home/atmodynamics/schmid/git_PF_2020/pinc_f2Omegasiny_BK19cases/bin_smoothvortex_768/pinc
slurmstepd: error: *** JOB 578082 ON node49-006 CANCELLED AT 2021-04-06T11:47:00 ***
