+ ntasks=1764
+ nprocx=21
+ nprocy=84
+ export OMP_NUM_THREADS=1
+ OMP_NUM_THREADS=1
+ export GMON_OUT_PREFIX=gmon.out-
+ GMON_OUT_PREFIX=gmon.out-
+ export LD_LIBRARY_PATH=LD_LIBRARY_PATH:/home/atmodynamics/schmid/spack/opt/spack/linux-scientific7-x86_64/intel-18.0.3/hypre-2.15.1-j7lo2mzfhd7bnrcivaf6bsaqjwimsp3m/lib/
+ LD_LIBRARY_PATH=LD_LIBRARY_PATH:/home/atmodynamics/schmid/spack/opt/spack/linux-scientific7-x86_64/intel-18.0.3/hypre-2.15.1-j7lo2mzfhd7bnrcivaf6bsaqjwimsp3m/lib/
+ d_home=/home/atmodynamics/schmid/git_PF_2020/pinc_f2Omegasiny_BK19cases
+ d_scratch=/scratch/atmodynamics/schmid/Dissertation
+ d_nam=/home/atmodynamics/schmid/git_PF_2020/pinc_f2Omegasiny_BK19cases/bin_barLC_20km
+ fp_exe=/home/atmodynamics/schmid/git_PF_2020/pinc_f2Omegasiny_BK19cases/bin_barLC_20km/pinc
+ d_work=/scratch/atmodynamics/schmid/Dissertation/barLC_20kmx20kmx200m
+ mkdir /scratch/atmodynamics/schmid/Dissertation/barLC_20kmx20kmx200m
mkdir: das Verzeichnis „/scratch/atmodynamics/schmid/Dissertation/barLC_20kmx20kmx200m“ kann nicht angelegt werden: Die Datei existiert bereits
+ cd /scratch/atmodynamics/schmid/Dissertation/barLC_20kmx20kmx200m
+ sed -e 's/{nprocx}/21/' -e 's/{nprocy}/84/' /home/atmodynamics/schmid/git_PF_2020/pinc_f2Omegasiny_BK19cases/bin_barLC_20km/input.f90
+ mpirun -np 1764 /home/atmodynamics/schmid/git_PF_2020/pinc_f2Omegasiny_BK19cases/bin_barLC_20km/pinc
slurmstepd: error: *** JOB 607389 ON node50-024 CANCELLED AT 2021-05-03T15:36:51 ***
