The system is: Linux - 4.18.0-372.32.1.el8_6.x86_64 - x86_64
Compiling the Fortran compiler identification source file "CMakeFortranCompilerId.F" succeeded.
Compiler: /sw/spack-levante/intel-oneapi-mpi-2021.5.0-efceba/mpi/2021.5.0/bin/mpiifort 
Build flags: 
Id flags: -v 

The output was:
0
mpiifort for the Intel(R) MPI Library 2021.5 for Linux*
Copyright Intel Corporation.
ifort version 2021.5.0
/sw/spack-levante/intel-oneapi-compilers-2022.0.1-an2cbq/compiler/2022.0.1/linux/bin/intel64/../../bin/intel64/fpp    -D__INTEL_COMPILER=2021 -D__INTEL_COMPILER_UPDATE=5 -D__unix__ -D__unix -D__linux__ -D__linux -D__gnu_linux__ -Dunix -Dlinux -D__ELF__ -D__x86_64 -D__x86_64__ -D__amd64 -D__amd64__ -D__INTEL_COMPILER_BUILD_DATE=20211109 -D__INTEL_OFFLOAD -D__MMX__ -D__SSE__ -D__SSE_MATH__ -D__SSE2__ -D__SSE2_MATH__ -D__pentium4 -D__pentium4__ -D__tune_pentium4__ -I. -I/sw/spack-levante/intel-oneapi-mpi-2021.5.0-efceba/mpi/2021.5.0//include -I/sw/spack-levante/intel-oneapi-mpi-2021.5.0-efceba/mpi/2021.5.0/include -I/sw/spack-levante/intel-oneapi-compilers-2022.0.1-an2cbq/compiler/2022.0.1/linux/bin/intel64/../../compiler/include/intel64 -I/sw/spack-levante/intel-oneapi-compilers-2022.0.1-an2cbq/compiler/2022.0.1/linux/bin/intel64/../../compiler/include/icc -I/sw/spack-levante/intel-oneapi-compilers-2022.0.1-an2cbq/compiler/2022.0.1/linux/bin/intel64/../../compiler/include -I/usr/local/include -I/sw/spack-levante/gcc-11.2.0-bcn7mb/lib/gcc/x86_64-pc-linux-gnu/11.2.0/include -I/sw/spack-levante/gcc-11.2.0-bcn7mb/lib/gcc/x86_64-pc-linux-gnu/11.2.0/include-fixed -I/sw/spack-levante/gcc-11.2.0-bcn7mb/include/ -I/usr/include -fixed -4Ycpp -4Ncvf -f_com=yes -MX CMakeFortranCompilerId.F /tmp/ifort5lHi9I.i
#include "..." search starts here:
#include <...> search starts here:
 .
 /sw/spack-levante/intel-oneapi-mpi-2021.5.0-efceba/mpi/2021.5.0//include
 /sw/spack-levante/intel-oneapi-mpi-2021.5.0-efceba/mpi/2021.5.0/include
 /sw/spack-levante/intel-oneapi-compilers-2022.0.1-an2cbq/compiler/2022.0.1/linux/bin/intel64/../../compiler/include/intel64
 /sw/spack-levante/intel-oneapi-compilers-2022.0.1-an2cbq/compiler/2022.0.1/linux/bin/intel64/../../compiler/include/icc
 /sw/spack-levante/intel-oneapi-compilers-2022.0.1-an2cbq/compiler/2022.0.1/linux/bin/intel64/../../compiler/include
 /usr/local/include
 /sw/spack-levante/gcc-11.2.0-bcn7mb/lib/gcc/x86_64-pc-linux-gnu/11.2.0/include
 /sw/spack-levante/gcc-11.2.0-bcn7mb/lib/gcc/x86_64-pc-linux-gnu/11.2.0/include-fixed
 /sw/spack-levante/gcc-11.2.0-bcn7mb/include/
 /usr/include
End of search list.
/sw/spack-levante/intel-oneapi-compilers-2022.0.1-an2cbq/compiler/2022.0.1/linux/bin/intel64/../../bin/intel64/fortcom    -D__INTEL_COMPILER=2021 -D__INTEL_COMPILER_UPDATE=5 -D__unix__ -D__unix -D__linux__ -D__linux -D__gnu_linux__ -Dunix -Dlinux -D__ELF__ -D__x86_64 -D__x86_64__ -D__amd64 -D__amd64__ -D__INTEL_COMPILER_BUILD_DATE=20211109 -D__INTEL_OFFLOAD -D__MMX__ -D__SSE__ -D__SSE_MATH__ -D__SSE2__ -D__SSE2_MATH__ -D__pentium4 -D__pentium4__ -D__tune_pentium4__ -I. -I/sw/spack-levante/intel-oneapi-mpi-2021.5.0-efceba/mpi/2021.5.0//include -I/sw/spack-levante/intel-oneapi-mpi-2021.5.0-efceba/mpi/2021.5.0/include -I/sw/spack-levante/intel-oneapi-compilers-2022.0.1-an2cbq/compiler/2022.0.1/linux/bin/intel64/../../compiler/include/intel64 -I/sw/spack-levante/intel-oneapi-compilers-2022.0.1-an2cbq/compiler/2022.0.1/linux/bin/intel64/../../compiler/include/icc -I/sw/spack-levante/intel-oneapi-compilers-2022.0.1-an2cbq/compiler/2022.0.1/linux/bin/intel64/../../compiler/include -I/usr/local/include -I/sw/spack-levante/gcc-11.2.0-bcn7mb/lib/gcc/x86_64-pc-linux-gnu/11.2.0/include -I/sw/spack-levante/gcc-11.2.0-bcn7mb/lib/gcc/x86_64-pc-linux-gnu/11.2.0/include-fixed -I/sw/spack-levante/gcc-11.2.0-bcn7mb/include/ -I/usr/include -omp_simd -O2 "-reentrancy threaded" -simd -offload_host -mGLOB_em64t=TRUE -mP1OPT_version=2021.5.0-intel64 -mGLOB_diag_file=/tmp/ifortqynUme.diag -mGLOB_long_size_64 -mGLOB_routine_pointer_size_64 -mGLOB_source_language=GLOB_SOURCE_LANGUAGE_F90 -mP2OPT_static_promotion -mGLOB_pack_sort_init_list -mP1OPT_print_version=FALSE -mCG_use_gas_got_workaround=F -mP2OPT_align_option_used=TRUE -mGLOB_gcc_version=1120 "-mGLOB_options_string=-I/sw/spack-levante/intel-oneapi-mpi-2021.5.0-efceba/mpi/2021.5.0//include -I/sw/spack-levante/intel-oneapi-mpi-2021.5.0-efceba/mpi/2021.5.0/include -Wl,--disable-new-dtags,-rpath,/sw/spack-levante/intel-oneapi-compilers-2022.0.1-an2cbq/compiler/2022.0.1/linux/compiler/lib/intel64_lin -v -L/sw/spack-levante/intel-oneapi-mpi-2021.5.0-efceba/mpi/2021.5.0/lib/release -L/sw/spack-levante/intel-oneapi-mpi-2021.5.0-efceba/mpi/2021.5.0/lib -Xlinker -rpath -Xlinker /sw/spack-levante/intel-oneapi-mpi-2021.5.0-efceba/mpi/2021.5.0/lib/release -Xlinker -rpath -Xlinker /sw/spack-levante/intel-oneapi-mpi-2021.5.0-efceba/mpi/2021.5.0/lib -lmpifort -lmpi -ldl -lrt -lpthread" -mGLOB_cxx_limited_range=FALSE -mCG_extend_parms=FALSE -mGLOB_compiler_bin_directory=/sw/spack-levante/intel-oneapi-compilers-2022.0.1-an2cbq/compiler/2022.0.1/linux/bin/intel64/../../bin/intel64 -mGLOB_as_output_backup_file_name=/tmp/ifort2OI7bOas_.s -mGLOB_dashboard_use_source_name -mIPOPT_activate -mIPOPT_lite -mGLOB_uarch_tuning=0x0 -mGLOB_product_id_code=0x22006d91 -mCG_bnl_movbe=T -mP3OPT_use_mspp_call_convention -mP2OPT_subs_out_of_bound=FALSE -mP2OPT_disam_type_based_disam=2 -mGLOB_ansi_alias -mPGOPTI_value_profile_use=T -mGLOB_opt_report_use_source_name -mGLOB_offload_mode=1 -mGLOB_offload_no_openmp=TRUE -mP2OPT_offload_unique_var_string=ifort1776986209hG7sl5 -mP2OPT_hlo_level=2 -mP2OPT_hlo -mP2OPT_hpo_rtt_control=0 -mIPOPT_args_in_regs=0 -mP2OPT_disam_assume_nonstd_intent_in=FALSE -mGLOB_imf_mapping_library=/sw/spack-levante/intel-oneapi-compilers-2022.0.1-an2cbq/compiler/2022.0.1/linux/bin/intel64/../../bin/intel64/libiml_attr.so -mIPOPT_single_file_compile_and_link=TRUE -mPGOPTI_gen_threadsafe_level=0 -mIPOPT_lto_object_enabled -mIPOPT_lto_object_value=1 -mIPOPT_obj_output_file_name=/tmp/ifortqynUme.o -mIPOPT_whole_archive_fixup_file_name=/tmp/ifortwarchWqqA9h -mGLOB_linker_version=2.30 -mGLOB_linker=ld -mGLOB_driver_tempfile_name=/tmp/iforttempfilenHvA3Z -mP3OPT_asm_target=P3OPT_ASM_TARGET_GAS -mGLOB_async_unwind_tables=TRUE -mGLOB_obj_output_file=/tmp/ifortqynUme.o -mGLOB_source_dialect=GLOB_SOURCE_DIALECT_FORTRAN -mP1OPT_source_file_name=CMakeFortranCompilerId.F -mP1OPT_full_source_file_name=/home/b/b382140/pinc-flow-tracer/cmake/CMakeFiles/3.20.2/CompilerIdFortran/CMakeFortranCompilerId.F -mP2OPT_symtab_type_copy=true /tmp/ifort5lHi9I.i
#include "..." search starts here:
#include <...> search starts here:
 .
 /sw/spack-levante/intel-oneapi-mpi-2021.5.0-efceba/mpi/2021.5.0//include
 /sw/spack-levante/intel-oneapi-mpi-2021.5.0-efceba/mpi/2021.5.0/include
 /sw/spack-levante/intel-oneapi-compilers-2022.0.1-an2cbq/compiler/2022.0.1/linux/bin/intel64/../../compiler/include/intel64
 /sw/spack-levante/intel-oneapi-compilers-2022.0.1-an2cbq/compiler/2022.0.1/linux/bin/intel64/../../compiler/include/icc
 /sw/spack-levante/intel-oneapi-compilers-2022.0.1-an2cbq/compiler/2022.0.1/linux/bin/intel64/../../compiler/include
 /usr/local/include
 /sw/spack-levante/gcc-11.2.0-bcn7mb/lib/gcc/x86_64-pc-linux-gnu/11.2.0/include
 /sw/spack-levante/gcc-11.2.0-bcn7mb/lib/gcc/x86_64-pc-linux-gnu/11.2.0/include-fixed
 /sw/spack-levante/gcc-11.2.0-bcn7mb/include/
 /usr/include
End of search list.
ld    /lib/../lib64/crt1.o /lib/../lib64/crti.o /sw/spack-levante/gcc-11.2.0-bcn7mb/lib/gcc/x86_64-pc-linux-gnu/11.2.0/crtbegin.o --eh-frame-hdr --build-id -dynamic-linker /lib64/ld-linux-x86-64.so.2 -m elf_x86_64 -L/sw/spack-levante/intel-oneapi-mpi-2021.5.0-efceba/mpi/2021.5.0/lib/release -L/sw/spack-levante/intel-oneapi-mpi-2021.5.0-efceba/mpi/2021.5.0/lib -plugin /sw/spack-levante/intel-oneapi-compilers-2022.0.1-an2cbq/compiler/2022.0.1/linux/bin/intel64/../../bin/intel64/../../lib/icx-lto.so -o a.out /sw/spack-levante/intel-oneapi-compilers-2022.0.1-an2cbq/compiler/2022.0.1/linux/bin/intel64/../../compiler/lib/intel64_lin/for_main.o -L/sw/spack-levante/intel-oneapi-compilers-2022.0.1-an2cbq/compiler/2022.0.1/linux/bin/intel64/../../compiler/lib/intel64_lin -L/sw/spack-levante/gcc-11.2.0-bcn7mb/lib/gcc/x86_64-pc-linux-gnu/11.2.0/ -L/sw/spack-levante/gcc-11.2.0-bcn7mb/lib/gcc/x86_64-pc-linux-gnu/11.2.0/../../../../lib64 -L/sw/spack-levante/gcc-11.2.0-bcn7mb/lib/gcc/x86_64-pc-linux-gnu/11.2.0/../../../../lib64/ -L/lib/../lib64 -L/lib/../lib64/ -L/usr/lib/../lib64 -L/usr/lib/../lib64/ -L/sw/spack-levante/gcc-11.2.0-bcn7mb/lib/gcc/x86_64-pc-linux-gnu/11.2.0/../../../ -L/lib64 -L/lib/ -L/usr/lib64 -L/usr/lib --disable-new-dtags -rpath /sw/spack-levante/intel-oneapi-compilers-2022.0.1-an2cbq/compiler/2022.0.1/linux/compiler/lib/intel64_lin /tmp/ifortqynUme.o -rpath /sw/spack-levante/intel-oneapi-mpi-2021.5.0-efceba/mpi/2021.5.0/lib/release -rpath /sw/spack-levante/intel-oneapi-mpi-2021.5.0-efceba/mpi/2021.5.0/lib -lmpifort -lmpi -ldl -lrt -lpthread -Bdynamic -Bstatic -lifport -lifcoremt -limf -lsvml -Bdynamic -lm -Bstatic -lipgo -lirc -Bdynamic -lpthread -Bstatic -lsvml -Bdynamic -lc -lgcc -lgcc_s -Bstatic -lirc_s -Bdynamic -ldl -lc /sw/spack-levante/gcc-11.2.0-bcn7mb/lib/gcc/x86_64-pc-linux-gnu/11.2.0/crtend.o /lib/../lib64/crtn.o


Compilation of the Fortran compiler identification source "CMakeFortranCompilerId.F" produced "a.out"

The Fortran compiler identification is Intel, found in "/home/b/b382140/pinc-flow-tracer/cmake/CMakeFiles/3.20.2/CompilerIdFortran/a.out"

Detecting Fortran compiler ABI info compiled with the following output:
Change Dir: /home/b/b382140/pinc-flow-tracer/cmake/CMakeFiles/CMakeTmp

Run Build Command(s):/usr/bin/gmake -f Makefile cmTC_2bbcd/fast && /usr/bin/gmake  -f CMakeFiles/cmTC_2bbcd.dir/build.make CMakeFiles/cmTC_2bbcd.dir/build
gmake[1]: Entering directory '/home/b/b382140/pinc-flow-tracer/cmake/CMakeFiles/CMakeTmp'
Building Fortran object CMakeFiles/cmTC_2bbcd.dir/CMakeFortranCompilerABI.F.o
/sw/spack-levante/intel-oneapi-mpi-2021.5.0-efceba/mpi/2021.5.0/bin/mpiifort   -v -c /usr/share/cmake/Modules/CMakeFortranCompilerABI.F -o CMakeFiles/cmTC_2bbcd.dir/CMakeFortranCompilerABI.F.o
mpiifort for the Intel(R) MPI Library 2021.5 for Linux*
Copyright Intel Corporation.
ifort version 2021.5.0
/sw/spack-levante/intel-oneapi-compilers-2022.0.1-an2cbq/compiler/2022.0.1/linux/bin/intel64/../../bin/intel64/fpp    -D__INTEL_COMPILER=2021 -D__INTEL_COMPILER_UPDATE=5 -D__unix__ -D__unix -D__linux__ -D__linux -D__gnu_linux__ -Dunix -Dlinux -D__ELF__ -D__x86_64 -D__x86_64__ -D__amd64 -D__amd64__ -D__INTEL_COMPILER_BUILD_DATE=20211109 -D__INTEL_OFFLOAD -D__MMX__ -D__SSE__ -D__SSE_MATH__ -D__SSE2__ -D__SSE2_MATH__ -D__pentium4 -D__pentium4__ -D__tune_pentium4__ -I. -I/sw/spack-levante/intel-oneapi-mpi-2021.5.0-efceba/mpi/2021.5.0//include -I/sw/spack-levante/intel-oneapi-mpi-2021.5.0-efceba/mpi/2021.5.0/include -I/sw/spack-levante/intel-oneapi-compilers-2022.0.1-an2cbq/compiler/2022.0.1/linux/bin/intel64/../../compiler/include/intel64 -I/sw/spack-levante/intel-oneapi-compilers-2022.0.1-an2cbq/compiler/2022.0.1/linux/bin/intel64/../../compiler/include/icc -I/sw/spack-levante/intel-oneapi-compilers-2022.0.1-an2cbq/compiler/2022.0.1/linux/bin/intel64/../../compiler/include -I/usr/local/include -I/sw/spack-levante/gcc-11.2.0-bcn7mb/lib/gcc/x86_64-pc-linux-gnu/11.2.0/include -I/sw/spack-levante/gcc-11.2.0-bcn7mb/lib/gcc/x86_64-pc-linux-gnu/11.2.0/include-fixed -I/sw/spack-levante/gcc-11.2.0-bcn7mb/include/ -I/usr/include -fixed -4Ycpp -4Ncvf -f_com=yes -MX /usr/share/cmake/Modules/CMakeFortranCompilerABI.F /tmp/ifortxeXMio.i
#include "..." search starts here:
#include <...> search starts here:
 .
 /sw/spack-levante/intel-oneapi-mpi-2021.5.0-efceba/mpi/2021.5.0//include
 /sw/spack-levante/intel-oneapi-mpi-2021.5.0-efceba/mpi/2021.5.0/include
 /sw/spack-levante/intel-oneapi-compilers-2022.0.1-an2cbq/compiler/2022.0.1/linux/bin/intel64/../../compiler/include/intel64
 /sw/spack-levante/intel-oneapi-compilers-2022.0.1-an2cbq/compiler/2022.0.1/linux/bin/intel64/../../compiler/include/icc
 /sw/spack-levante/intel-oneapi-compilers-2022.0.1-an2cbq/compiler/2022.0.1/linux/bin/intel64/../../compiler/include
 /usr/local/include
 /sw/spack-levante/gcc-11.2.0-bcn7mb/lib/gcc/x86_64-pc-linux-gnu/11.2.0/include
 /sw/spack-levante/gcc-11.2.0-bcn7mb/lib/gcc/x86_64-pc-linux-gnu/11.2.0/include-fixed
 /sw/spack-levante/gcc-11.2.0-bcn7mb/include/
 /usr/include
End of search list.
/sw/spack-levante/intel-oneapi-compilers-2022.0.1-an2cbq/compiler/2022.0.1/linux/bin/intel64/../../bin/intel64/fortcom    -D__INTEL_COMPILER=2021 -D__INTEL_COMPILER_UPDATE=5 -D__unix__ -D__unix -D__linux__ -D__linux -D__gnu_linux__ -Dunix -Dlinux -D__ELF__ -D__x86_64 -D__x86_64__ -D__amd64 -D__amd64__ -D__INTEL_COMPILER_BUILD_DATE=20211109 -D__INTEL_OFFLOAD -D__MMX__ -D__SSE__ -D__SSE_MATH__ -D__SSE2__ -D__SSE2_MATH__ -D__pentium4 -D__pentium4__ -D__tune_pentium4__ -I/usr/share/cmake/Modules -I. -I/sw/spack-levante/intel-oneapi-mpi-2021.5.0-efceba/mpi/2021.5.0//include -I/sw/spack-levante/intel-oneapi-mpi-2021.5.0-efceba/mpi/2021.5.0/include -I/sw/spack-levante/intel-oneapi-compilers-2022.0.1-an2cbq/compiler/2022.0.1/linux/bin/intel64/../../compiler/include/intel64 -I/sw/spack-levante/intel-oneapi-compilers-2022.0.1-an2cbq/compiler/2022.0.1/linux/bin/intel64/../../compiler/include/icc -I/sw/spack-levante/intel-oneapi-compilers-2022.0.1-an2cbq/compiler/2022.0.1/linux/bin/intel64/../../compiler/include -I/usr/local/include -I/sw/spack-levante/gcc-11.2.0-bcn7mb/lib/gcc/x86_64-pc-linux-gnu/11.2.0/include -I/sw/spack-levante/gcc-11.2.0-bcn7mb/lib/gcc/x86_64-pc-linux-gnu/11.2.0/include-fixed -I/sw/spack-levante/gcc-11.2.0-bcn7mb/include/ -I/usr/include -omp_simd -O2 "-reentrancy threaded" -simd -offload_host -mGLOB_em64t=TRUE -mP1OPT_version=2021.5.0-intel64 -mGLOB_diag_file=CMakeFiles/cmTC_2bbcd.dir/CMakeFortranCompilerABI.F.diag -mGLOB_long_size_64 -mGLOB_routine_pointer_size_64 -mGLOB_source_language=GLOB_SOURCE_LANGUAGE_F90 -mP2OPT_static_promotion -mGLOB_pack_sort_init_list -mP1OPT_print_version=FALSE -mCG_use_gas_got_workaround=F -mP2OPT_align_option_used=TRUE -mGLOB_gcc_version=1120 "-mGLOB_options_string=-I/sw/spack-levante/intel-oneapi-mpi-2021.5.0-efceba/mpi/2021.5.0//include -I/sw/spack-levante/intel-oneapi-mpi-2021.5.0-efceba/mpi/2021.5.0/include -Wl,--disable-new-dtags,-rpath,/sw/spack-levante/intel-oneapi-compilers-2022.0.1-an2cbq/compiler/2022.0.1/linux/compiler/lib/intel64_lin -v -c -o CMakeFiles/cmTC_2bbcd.dir/CMakeFortranCompilerABI.F.o" -mGLOB_cxx_limited_range=FALSE -mCG_extend_parms=FALSE -mGLOB_compiler_bin_directory=/sw/spack-levante/intel-oneapi-compilers-2022.0.1-an2cbq/compiler/2022.0.1/linux/bin/intel64/../../bin/intel64 -mGLOB_as_output_backup_file_name=/tmp/ifortqOPSDoas_.s -mIPOPT_activate -mIPOPT_lite -mGLOB_uarch_tuning=0x0 -mGLOB_product_id_code=0x22006d91 -mCG_bnl_movbe=T -mP3OPT_use_mspp_call_convention -mP2OPT_subs_out_of_bound=FALSE -mP2OPT_disam_type_based_disam=2 -mGLOB_ansi_alias -mPGOPTI_value_profile_use=T -mGLOB_offload_mode=1 -mGLOB_offload_no_openmp=TRUE -mP2OPT_offload_unique_var_string=ifort1965447196IiWWMe -mP2OPT_hlo_level=2 -mP2OPT_hlo -mP2OPT_hpo_rtt_control=0 -mIPOPT_args_in_regs=0 -mP2OPT_disam_assume_nonstd_intent_in=FALSE -mGLOB_imf_mapping_library=/sw/spack-levante/intel-oneapi-compilers-2022.0.1-an2cbq/compiler/2022.0.1/linux/bin/intel64/../../bin/intel64/libiml_attr.so -mPGOPTI_gen_threadsafe_level=0 -mIPOPT_lto_object_enabled -mIPOPT_lto_object_value=1 -mIPOPT_obj_output_file_name=CMakeFiles/cmTC_2bbcd.dir/CMakeFortranCompilerABI.F.o -mIPOPT_whole_archive_fixup_file_name=/tmp/ifortwarchGibqnp -mGLOB_linker_version=2.30 -mGLOB_linker=ld -mGLOB_driver_tempfile_name=/tmp/iforttempfilemK1YLT -mP3OPT_asm_target=P3OPT_ASM_TARGET_GAS -mGLOB_async_unwind_tables=TRUE -mGLOB_obj_output_file=CMakeFiles/cmTC_2bbcd.dir/CMakeFortranCompilerABI.F.o -mGLOB_source_dialect=GLOB_SOURCE_DIALECT_FORTRAN -mP1OPT_source_file_name=/usr/share/cmake/Modules/CMakeFortranCompilerABI.F -mP1OPT_full_source_file_name=/usr/share/cmake/Modules/CMakeFortranCompilerABI.F -mP2OPT_symtab_type_copy=true /tmp/ifortxeXMio.i
#include "..." search starts here:
#include <...> search starts here:
 /usr/share/cmake/Modules
 .
 /sw/spack-levante/intel-oneapi-mpi-2021.5.0-efceba/mpi/2021.5.0//include
 /sw/spack-levante/intel-oneapi-mpi-2021.5.0-efceba/mpi/2021.5.0/include
 /sw/spack-levante/intel-oneapi-compilers-2022.0.1-an2cbq/compiler/2022.0.1/linux/bin/intel64/../../compiler/include/intel64
 /sw/spack-levante/intel-oneapi-compilers-2022.0.1-an2cbq/compiler/2022.0.1/linux/bin/intel64/../../compiler/include/icc
 /sw/spack-levante/intel-oneapi-compilers-2022.0.1-an2cbq/compiler/2022.0.1/linux/bin/intel64/../../compiler/include
 /usr/local/include
 /sw/spack-levante/gcc-11.2.0-bcn7mb/lib/gcc/x86_64-pc-linux-gnu/11.2.0/include
 /sw/spack-levante/gcc-11.2.0-bcn7mb/lib/gcc/x86_64-pc-linux-gnu/11.2.0/include-fixed
 /sw/spack-levante/gcc-11.2.0-bcn7mb/include/
 /usr/include
End of search list.
Linking Fortran executable cmTC_2bbcd
/usr/bin/cmake -E cmake_link_script CMakeFiles/cmTC_2bbcd.dir/link.txt --verbose=1
/sw/spack-levante/intel-oneapi-mpi-2021.5.0-efceba/mpi/2021.5.0/bin/mpiifort  -v CMakeFiles/cmTC_2bbcd.dir/CMakeFortranCompilerABI.F.o -o cmTC_2bbcd 
mpiifort for the Intel(R) MPI Library 2021.5 for Linux*
Copyright Intel Corporation.
ifort version 2021.5.0
/sw/spack-levante/intel-oneapi-compilers-2022.0.1-an2cbq/compiler/2022.0.1/linux/bin/intel64/../../bin/intel64/fortcom    -mGLOB_em64t=TRUE -mP1OPT_version=2021.5.0-intel64 -mGLOB_diag_file=CMakeFiles/cmTC_2bbcd.dir/CMakeFortranCompilerABI.F.diag -mGLOB_long_size_64 -mGLOB_routine_pointer_size_64 -mGLOB_source_language=GLOB_SOURCE_LANGUAGE_F90 -mP2OPT_static_promotion -mGLOB_pack_sort_init_list -mP1OPT_print_version=FALSE -mCG_use_gas_got_workaround=F -mP2OPT_align_option_used=TRUE -mGLOB_gcc_version=1120 "-mGLOB_options_string=-I/sw/spack-levante/intel-oneapi-mpi-2021.5.0-efceba/mpi/2021.5.0//include -I/sw/spack-levante/intel-oneapi-mpi-2021.5.0-efceba/mpi/2021.5.0/include -Wl,--disable-new-dtags,-rpath,/sw/spack-levante/intel-oneapi-compilers-2022.0.1-an2cbq/compiler/2022.0.1/linux/compiler/lib/intel64_lin -v -o cmTC_2bbcd -L/sw/spack-levante/intel-oneapi-mpi-2021.5.0-efceba/mpi/2021.5.0/lib/release -L/sw/spack-levante/intel-oneapi-mpi-2021.5.0-efceba/mpi/2021.5.0/lib -Xlinker -rpath -Xlinker /sw/spack-levante/intel-oneapi-mpi-2021.5.0-efceba/mpi/2021.5.0/lib/release -Xlinker -rpath -Xlinker /sw/spack-levante/intel-oneapi-mpi-2021.5.0-efceba/mpi/2021.5.0/lib -lmpifort -lmpi -ldl -lrt -lpthread" -mGLOB_cxx_limited_range=FALSE -mCG_extend_parms=FALSE -mGLOB_compiler_bin_directory=/sw/spack-levante/intel-oneapi-compilers-2022.0.1-an2cbq/compiler/2022.0.1/linux/bin/intel64/../../bin/intel64 -mGLOB_as_output_backup_file_name=/tmp/iforter2pMoas_.s -mGLOB_dashboard_use_source_name -mIPOPT_activate -mGLOB_product_id_code=0x22006d91 -mP3OPT_use_mspp_call_convention -mP2OPT_subs_out_of_bound=FALSE -mP2OPT_disam_type_based_disam=2 -mGLOB_ansi_alias -mPGOPTI_value_profile_use=T -mGLOB_opt_report_use_source_name -mGLOB_offload_mode=1 -mGLOB_offload_no_openmp=TRUE -mP2OPT_offload_unique_var_string=ifort0885447324tkg3l0 -mP2OPT_hlo -mP2OPT_hpo_rtt_control=0 -mIPOPT_args_in_regs=0 -mP2OPT_disam_assume_nonstd_intent_in=FALSE -mGLOB_imf_mapping_library=/sw/spack-levante/intel-oneapi-compilers-2022.0.1-an2cbq/compiler/2022.0.1/linux/bin/intel64/../../bin/intel64/libiml_attr.so -mPGOPTI_gen_threadsafe_level=0 -mIPOPT_link -mIPOPT_ipo_activate -mIPOPT_mo_activate -mIPOPT_source_files_list=/tmp/ifortslisuNyTJ9 -mIPOPT_mo_global_data -mIPOPT_link_script_file=/tmp/ifortscriptOrsl9w "-mIPOPT_cmdline_link="/lib/../lib64/crt1.o" "/lib/../lib64/crti.o" "/sw/spack-levante/gcc-11.2.0-bcn7mb/lib/gcc/x86_64-pc-linux-gnu/11.2.0/crtbegin.o" "--eh-frame-hdr" "--build-id" "-dynamic-linker" "/lib64/ld-linux-x86-64.so.2" "-m" "elf_x86_64" "-L/sw/spack-levante/intel-oneapi-mpi-2021.5.0-efceba/mpi/2021.5.0/lib/release" "-L/sw/spack-levante/intel-oneapi-mpi-2021.5.0-efceba/mpi/2021.5.0/lib" "-plugin" "/sw/spack-levante/intel-oneapi-compilers-2022.0.1-an2cbq/compiler/2022.0.1/linux/bin/intel64/../../bin/intel64/../../lib/icx-lto.so" "-o" "cmTC_2bbcd" "/sw/spack-levante/intel-oneapi-compilers-2022.0.1-an2cbq/compiler/2022.0.1/linux/bin/intel64/../../compiler/lib/intel64_lin/for_main.o" "-L/sw/spack-levante/intel-oneapi-compilers-2022.0.1-an2cbq/compiler/2022.0.1/linux/bin/intel64/../../compiler/lib/intel64_lin" "-L/sw/spack-levante/gcc-11.2.0-bcn7mb/lib/gcc/x86_64-pc-linux-gnu/11.2.0/" "-L/sw/spack-levante/gcc-11.2.0-bcn7mb/lib/gcc/x86_64-pc-linux-gnu/11.2.0/../../../../lib64" "-L/sw/spack-levante/gcc-11.2.0-bcn7mb/lib/gcc/x86_64-pc-linux-gnu/11.2.0/../../../../lib64/" "-L/lib/../lib64" "-L/lib/../lib64/" "-L/usr/lib/../lib64" "-L/usr/lib/../lib64/" "-L/sw/spack-levante/gcc-11.2.0-bcn7mb/lib/gcc/x86_64-pc-linux-gnu/11.2.0/../../../" "-L/lib64" "-L/lib/" "-L/usr/lib64" "-L/usr/lib" "--disable-new-dtags" "-rpath" "/sw/spack-levante/intel-oneapi-compilers-2022.0.1-an2cbq/compiler/2022.0.1/linux/compiler/lib/intel64_lin" "CMakeFiles/cmTC_2bbcd.dir/CMakeFortranCompilerABI.F.o" "-rpath" "/sw/spack-levante/intel-oneapi-mpi-2021.5.0-efceba/mpi/2021.5.0/lib/release" "-rpath" "/sw/spack-levante/intel-oneapi-mpi-2021.5.0-efceba/mpi/2021.5.0/lib" "-lmpifort" "-lmpi" "-ldl" "-lrt" "-lpthread" "-Bdynamic" "-Bstatic" "-lifport" "-lifcoremt" "-limf" "-lsvml" "-Bdynamic" "-lm" "-Bstatic" "-lipgo" "-lirc" "-Bdynamic" "-lpthread" "-Bstatic" "-lsvml" "-Bdynamic" "-lc" "-lgcc" "-lgcc_s" "-Bstatic" "-lirc_s" "-Bdynamic" "-ldl" "-lc" "/sw/spack-levante/gcc-11.2.0-bcn7mb/lib/gcc/x86_64-pc-linux-gnu/11.2.0/crtend.o" "/lib/../lib64/crtn.o"" -mIPOPT_il_in_obj -mIPOPT_ipo_activate_warn=FALSE -mIPOPT_obj_output_file_name=/tmp/ipo_ifortwzydIx.o -mIPOPT_whole_archive_fixup_file_name=/tmp/ifortwarchfFav26 -mGLOB_linker_version=2.30 -mGLOB_linker=ld -mGLOB_driver_tempfile_name=/tmp/iforttempfileS78BYJ -mP3OPT_asm_target=P3OPT_ASM_TARGET_GAS -mGLOB_async_unwind_tables=TRUE -mGLOB_obj_output_file=/tmp/ipo_ifortwzydIx.o -mGLOB_source_dialect=GLOB_SOURCE_DIALECT_NONE -mP1OPT_source_file_name=ipo_out.f -mP2OPT_symtab_type_copy=true CMakeFiles/cmTC_2bbcd.dir/CMakeFortranCompilerABI.F.o -mIPOPT_object_files=T -mIPOPT_assembly_files=/tmp/ifortalis0qrXzl -mIPOPT_generated_tempfiles=/tmp/ifortelisuhyRh6 -mIPOPT_embedded_object_base_name=/tmp/iforteobjSS6NcX -mIPOPT_cmdline_link_new_name=/tmp/ifortllisMmM9SU
ld    /lib/../lib64/crt1.o /lib/../lib64/crti.o /sw/spack-levante/gcc-11.2.0-bcn7mb/lib/gcc/x86_64-pc-linux-gnu/11.2.0/crtbegin.o --eh-frame-hdr --build-id -dynamic-linker /lib64/ld-linux-x86-64.so.2 -m elf_x86_64 -L/sw/spack-levante/intel-oneapi-mpi-2021.5.0-efceba/mpi/2021.5.0/lib/release -L/sw/spack-levante/intel-oneapi-mpi-2021.5.0-efceba/mpi/2021.5.0/lib -plugin /sw/spack-levante/intel-oneapi-compilers-2022.0.1-an2cbq/compiler/2022.0.1/linux/bin/intel64/../../bin/intel64/../../lib/icx-lto.so -o cmTC_2bbcd /sw/spack-levante/intel-oneapi-compilers-2022.0.1-an2cbq/compiler/2022.0.1/linux/bin/intel64/../../compiler/lib/intel64_lin/for_main.o -L/sw/spack-levante/intel-oneapi-compilers-2022.0.1-an2cbq/compiler/2022.0.1/linux/bin/intel64/../../compiler/lib/intel64_lin -L/sw/spack-levante/gcc-11.2.0-bcn7mb/lib/gcc/x86_64-pc-linux-gnu/11.2.0/ -L/sw/spack-levante/gcc-11.2.0-bcn7mb/lib/gcc/x86_64-pc-linux-gnu/11.2.0/../../../../lib64 -L/sw/spack-levante/gcc-11.2.0-bcn7mb/lib/gcc/x86_64-pc-linux-gnu/11.2.0/../../../../lib64/ -L/lib/../lib64 -L/lib/../lib64/ -L/usr/lib/../lib64 -L/usr/lib/../lib64/ -L/sw/spack-levante/gcc-11.2.0-bcn7mb/lib/gcc/x86_64-pc-linux-gnu/11.2.0/../../../ -L/lib64 -L/lib/ -L/usr/lib64 -L/usr/lib --disable-new-dtags -rpath /sw/spack-levante/intel-oneapi-compilers-2022.0.1-an2cbq/compiler/2022.0.1/linux/compiler/lib/intel64_lin CMakeFiles/cmTC_2bbcd.dir/CMakeFortranCompilerABI.F.o -rpath /sw/spack-levante/intel-oneapi-mpi-2021.5.0-efceba/mpi/2021.5.0/lib/release -rpath /sw/spack-levante/intel-oneapi-mpi-2021.5.0-efceba/mpi/2021.5.0/lib -lmpifort -lmpi -ldl -lrt -lpthread -Bdynamic -Bstatic -lifport -lifcoremt -limf -lsvml -Bdynamic -lm -Bstatic -lipgo -lirc -Bdynamic -lpthread -Bstatic -lsvml -Bdynamic -lc -lgcc -lgcc_s -Bstatic -lirc_s -Bdynamic -ldl -lc /sw/spack-levante/gcc-11.2.0-bcn7mb/lib/gcc/x86_64-pc-linux-gnu/11.2.0/crtend.o /lib/../lib64/crtn.o
gmake[1]: Leaving directory '/home/b/b382140/pinc-flow-tracer/cmake/CMakeFiles/CMakeTmp'



Parsed Fortran implicit include dir info from above output: rv=done
  found start of include info
  found start of implicit include info
    add: [.]
    add: [/sw/spack-levante/intel-oneapi-mpi-2021.5.0-efceba/mpi/2021.5.0//include]
    add: [/sw/spack-levante/intel-oneapi-mpi-2021.5.0-efceba/mpi/2021.5.0/include]
    add: [/sw/spack-levante/intel-oneapi-compilers-2022.0.1-an2cbq/compiler/2022.0.1/linux/bin/intel64/../../compiler/include/intel64]
    add: [/sw/spack-levante/intel-oneapi-compilers-2022.0.1-an2cbq/compiler/2022.0.1/linux/bin/intel64/../../compiler/include/icc]
    add: [/sw/spack-levante/intel-oneapi-compilers-2022.0.1-an2cbq/compiler/2022.0.1/linux/bin/intel64/../../compiler/include]
    add: [/usr/local/include]
    add: [/sw/spack-levante/gcc-11.2.0-bcn7mb/lib/gcc/x86_64-pc-linux-gnu/11.2.0/include]
    add: [/sw/spack-levante/gcc-11.2.0-bcn7mb/lib/gcc/x86_64-pc-linux-gnu/11.2.0/include-fixed]
    add: [/sw/spack-levante/gcc-11.2.0-bcn7mb/include/]
    add: [/usr/include]
  end of search list found
  skipping relative include dir [.]
  collapse include dir [/sw/spack-levante/intel-oneapi-mpi-2021.5.0-efceba/mpi/2021.5.0//include] ==> [/sw/spack-levante/intel-oneapi-mpi-2021.5.0-efceba/mpi/2021.5.0/include]
  collapse include dir [/sw/spack-levante/intel-oneapi-mpi-2021.5.0-efceba/mpi/2021.5.0/include] ==> [/sw/spack-levante/intel-oneapi-mpi-2021.5.0-efceba/mpi/2021.5.0/include]
  collapse include dir [/sw/spack-levante/intel-oneapi-compilers-2022.0.1-an2cbq/compiler/2022.0.1/linux/bin/intel64/../../compiler/include/intel64] ==> [/sw/spack-levante/intel-oneapi-compilers-2022.0.1-an2cbq/compiler/2022.0.1/linux/compiler/include/intel64]
  collapse include dir [/sw/spack-levante/intel-oneapi-compilers-2022.0.1-an2cbq/compiler/2022.0.1/linux/bin/intel64/../../compiler/include/icc] ==> [/sw/spack-levante/intel-oneapi-compilers-2022.0.1-an2cbq/compiler/2022.0.1/linux/compiler/include/icc]
  collapse include dir [/sw/spack-levante/intel-oneapi-compilers-2022.0.1-an2cbq/compiler/2022.0.1/linux/bin/intel64/../../compiler/include] ==> [/sw/spack-levante/intel-oneapi-compilers-2022.0.1-an2cbq/compiler/2022.0.1/linux/compiler/include]
  collapse include dir [/usr/local/include] ==> [/usr/local/include]
  collapse include dir [/sw/spack-levante/gcc-11.2.0-bcn7mb/lib/gcc/x86_64-pc-linux-gnu/11.2.0/include] ==> [/sw/spack-levante/gcc-11.2.0-bcn7mb/lib/gcc/x86_64-pc-linux-gnu/11.2.0/include]
  collapse include dir [/sw/spack-levante/gcc-11.2.0-bcn7mb/lib/gcc/x86_64-pc-linux-gnu/11.2.0/include-fixed] ==> [/sw/spack-levante/gcc-11.2.0-bcn7mb/lib/gcc/x86_64-pc-linux-gnu/11.2.0/include-fixed]
  collapse include dir [/sw/spack-levante/gcc-11.2.0-bcn7mb/include/] ==> [/sw/spack-levante/gcc-11.2.0-bcn7mb/include]
  collapse include dir [/usr/include] ==> [/usr/include]
  implicit include dirs: [/sw/spack-levante/intel-oneapi-mpi-2021.5.0-efceba/mpi/2021.5.0/include;/sw/spack-levante/intel-oneapi-compilers-2022.0.1-an2cbq/compiler/2022.0.1/linux/compiler/include/intel64;/sw/spack-levante/intel-oneapi-compilers-2022.0.1-an2cbq/compiler/2022.0.1/linux/compiler/include/icc;/sw/spack-levante/intel-oneapi-compilers-2022.0.1-an2cbq/compiler/2022.0.1/linux/compiler/include;/usr/local/include;/sw/spack-levante/gcc-11.2.0-bcn7mb/lib/gcc/x86_64-pc-linux-gnu/11.2.0/include;/sw/spack-levante/gcc-11.2.0-bcn7mb/lib/gcc/x86_64-pc-linux-gnu/11.2.0/include-fixed;/sw/spack-levante/gcc-11.2.0-bcn7mb/include;/usr/include]


Parsed Fortran implicit link information from above output:
  link line regex: [^( *|.*[/\])(ld|CMAKE_LINK_STARTFILE-NOTFOUND|([^/\]+-)?ld|collect2)[^/\]*( |$)]
  ignore line: [Change Dir: /home/b/b382140/pinc-flow-tracer/cmake/CMakeFiles/CMakeTmp]
  ignore line: []
  ignore line: [Run Build Command(s):/usr/bin/gmake -f Makefile cmTC_2bbcd/fast && /usr/bin/gmake  -f CMakeFiles/cmTC_2bbcd.dir/build.make CMakeFiles/cmTC_2bbcd.dir/build]
  ignore line: [gmake[1]: Entering directory '/home/b/b382140/pinc-flow-tracer/cmake/CMakeFiles/CMakeTmp']
  ignore line: [Building Fortran object CMakeFiles/cmTC_2bbcd.dir/CMakeFortranCompilerABI.F.o]
  ignore line: [/sw/spack-levante/intel-oneapi-mpi-2021.5.0-efceba/mpi/2021.5.0/bin/mpiifort   -v -c /usr/share/cmake/Modules/CMakeFortranCompilerABI.F -o CMakeFiles/cmTC_2bbcd.dir/CMakeFortranCompilerABI.F.o]
  ignore line: [mpiifort for the Intel(R) MPI Library 2021.5 for Linux*]
  ignore line: [Copyright Intel Corporation.]
  ignore line: [ifort version 2021.5.0]
  ignore line: [/sw/spack-levante/intel-oneapi-compilers-2022.0.1-an2cbq/compiler/2022.0.1/linux/bin/intel64/../../bin/intel64/fpp    -D__INTEL_COMPILER=2021 -D__INTEL_COMPILER_UPDATE=5 -D__unix__ -D__unix -D__linux__ -D__linux -D__gnu_linux__ -Dunix -Dlinux -D__ELF__ -D__x86_64 -D__x86_64__ -D__amd64 -D__amd64__ -D__INTEL_COMPILER_BUILD_DATE=20211109 -D__INTEL_OFFLOAD -D__MMX__ -D__SSE__ -D__SSE_MATH__ -D__SSE2__ -D__SSE2_MATH__ -D__pentium4 -D__pentium4__ -D__tune_pentium4__ -I. -I/sw/spack-levante/intel-oneapi-mpi-2021.5.0-efceba/mpi/2021.5.0//include -I/sw/spack-levante/intel-oneapi-mpi-2021.5.0-efceba/mpi/2021.5.0/include -I/sw/spack-levante/intel-oneapi-compilers-2022.0.1-an2cbq/compiler/2022.0.1/linux/bin/intel64/../../compiler/include/intel64 -I/sw/spack-levante/intel-oneapi-compilers-2022.0.1-an2cbq/compiler/2022.0.1/linux/bin/intel64/../../compiler/include/icc -I/sw/spack-levante/intel-oneapi-compilers-2022.0.1-an2cbq/compiler/2022.0.1/linux/bin/intel64/../../compiler/include -I/usr/local/include -I/sw/spack-levante/gcc-11.2.0-bcn7mb/lib/gcc/x86_64-pc-linux-gnu/11.2.0/include -I/sw/spack-levante/gcc-11.2.0-bcn7mb/lib/gcc/x86_64-pc-linux-gnu/11.2.0/include-fixed -I/sw/spack-levante/gcc-11.2.0-bcn7mb/include/ -I/usr/include -fixed -4Ycpp -4Ncvf -f_com=yes -MX /usr/share/cmake/Modules/CMakeFortranCompilerABI.F /tmp/ifortxeXMio.i]
  ignore line: [#include "..." search starts here:]
  ignore line: [#include <...> search starts here:]
  ignore line: [ .]
  ignore line: [ /sw/spack-levante/intel-oneapi-mpi-2021.5.0-efceba/mpi/2021.5.0//include]
  ignore line: [ /sw/spack-levante/intel-oneapi-mpi-2021.5.0-efceba/mpi/2021.5.0/include]
  ignore line: [ /sw/spack-levante/intel-oneapi-compilers-2022.0.1-an2cbq/compiler/2022.0.1/linux/bin/intel64/../../compiler/include/intel64]
  ignore line: [ /sw/spack-levante/intel-oneapi-compilers-2022.0.1-an2cbq/compiler/2022.0.1/linux/bin/intel64/../../compiler/include/icc]
  ignore line: [ /sw/spack-levante/intel-oneapi-compilers-2022.0.1-an2cbq/compiler/2022.0.1/linux/bin/intel64/../../compiler/include]
  ignore line: [ /usr/local/include]
  ignore line: [ /sw/spack-levante/gcc-11.2.0-bcn7mb/lib/gcc/x86_64-pc-linux-gnu/11.2.0/include]
  ignore line: [ /sw/spack-levante/gcc-11.2.0-bcn7mb/lib/gcc/x86_64-pc-linux-gnu/11.2.0/include-fixed]
  ignore line: [ /sw/spack-levante/gcc-11.2.0-bcn7mb/include/]
  ignore line: [ /usr/include]
  ignore line: [End of search list.]
  ignore line: [/sw/spack-levante/intel-oneapi-compilers-2022.0.1-an2cbq/compiler/2022.0.1/linux/bin/intel64/../../bin/intel64/fortcom    -D__INTEL_COMPILER=2021 -D__INTEL_COMPILER_UPDATE=5 -D__unix__ -D__unix -D__linux__ -D__linux -D__gnu_linux__ -Dunix -Dlinux -D__ELF__ -D__x86_64 -D__x86_64__ -D__amd64 -D__amd64__ -D__INTEL_COMPILER_BUILD_DATE=20211109 -D__INTEL_OFFLOAD -D__MMX__ -D__SSE__ -D__SSE_MATH__ -D__SSE2__ -D__SSE2_MATH__ -D__pentium4 -D__pentium4__ -D__tune_pentium4__ -I/usr/share/cmake/Modules -I. -I/sw/spack-levante/intel-oneapi-mpi-2021.5.0-efceba/mpi/2021.5.0//include -I/sw/spack-levante/intel-oneapi-mpi-2021.5.0-efceba/mpi/2021.5.0/include -I/sw/spack-levante/intel-oneapi-compilers-2022.0.1-an2cbq/compiler/2022.0.1/linux/bin/intel64/../../compiler/include/intel64 -I/sw/spack-levante/intel-oneapi-compilers-2022.0.1-an2cbq/compiler/2022.0.1/linux/bin/intel64/../../compiler/include/icc -I/sw/spack-levante/intel-oneapi-compilers-2022.0.1-an2cbq/compiler/2022.0.1/linux/bin/intel64/../../compiler/include -I/usr/local/include -I/sw/spack-levante/gcc-11.2.0-bcn7mb/lib/gcc/x86_64-pc-linux-gnu/11.2.0/include -I/sw/spack-levante/gcc-11.2.0-bcn7mb/lib/gcc/x86_64-pc-linux-gnu/11.2.0/include-fixed -I/sw/spack-levante/gcc-11.2.0-bcn7mb/include/ -I/usr/include -omp_simd -O2 "-reentrancy threaded" -simd -offload_host -mGLOB_em64t=TRUE -mP1OPT_version=2021.5.0-intel64 -mGLOB_diag_file=CMakeFiles/cmTC_2bbcd.dir/CMakeFortranCompilerABI.F.diag -mGLOB_long_size_64 -mGLOB_routine_pointer_size_64 -mGLOB_source_language=GLOB_SOURCE_LANGUAGE_F90 -mP2OPT_static_promotion -mGLOB_pack_sort_init_list -mP1OPT_print_version=FALSE -mCG_use_gas_got_workaround=F -mP2OPT_align_option_used=TRUE -mGLOB_gcc_version=1120 "-mGLOB_options_string=-I/sw/spack-levante/intel-oneapi-mpi-2021.5.0-efceba/mpi/2021.5.0//include -I/sw/spack-levante/intel-oneapi-mpi-2021.5.0-efceba/mpi/2021.5.0/include -Wl --disable-new-dtags -rpath /sw/spack-levante/intel-oneapi-compilers-2022.0.1-an2cbq/compiler/2022.0.1/linux/compiler/lib/intel64_lin -v -c -o CMakeFiles/cmTC_2bbcd.dir/CMakeFortranCompilerABI.F.o" -mGLOB_cxx_limited_range=FALSE -mCG_extend_parms=FALSE -mGLOB_compiler_bin_directory=/sw/spack-levante/intel-oneapi-compilers-2022.0.1-an2cbq/compiler/2022.0.1/linux/bin/intel64/../../bin/intel64 -mGLOB_as_output_backup_file_name=/tmp/ifortqOPSDoas_.s -mIPOPT_activate -mIPOPT_lite -mGLOB_uarch_tuning=0x0 -mGLOB_product_id_code=0x22006d91 -mCG_bnl_movbe=T -mP3OPT_use_mspp_call_convention -mP2OPT_subs_out_of_bound=FALSE -mP2OPT_disam_type_based_disam=2 -mGLOB_ansi_alias -mPGOPTI_value_profile_use=T -mGLOB_offload_mode=1 -mGLOB_offload_no_openmp=TRUE -mP2OPT_offload_unique_var_string=ifort1965447196IiWWMe -mP2OPT_hlo_level=2 -mP2OPT_hlo -mP2OPT_hpo_rtt_control=0 -mIPOPT_args_in_regs=0 -mP2OPT_disam_assume_nonstd_intent_in=FALSE -mGLOB_imf_mapping_library=/sw/spack-levante/intel-oneapi-compilers-2022.0.1-an2cbq/compiler/2022.0.1/linux/bin/intel64/../../bin/intel64/libiml_attr.so -mPGOPTI_gen_threadsafe_level=0 -mIPOPT_lto_object_enabled -mIPOPT_lto_object_value=1 -mIPOPT_obj_output_file_name=CMakeFiles/cmTC_2bbcd.dir/CMakeFortranCompilerABI.F.o -mIPOPT_whole_archive_fixup_file_name=/tmp/ifortwarchGibqnp -mGLOB_linker_version=2.30 -mGLOB_linker=ld -mGLOB_driver_tempfile_name=/tmp/iforttempfilemK1YLT -mP3OPT_asm_target=P3OPT_ASM_TARGET_GAS -mGLOB_async_unwind_tables=TRUE -mGLOB_obj_output_file=CMakeFiles/cmTC_2bbcd.dir/CMakeFortranCompilerABI.F.o -mGLOB_source_dialect=GLOB_SOURCE_DIALECT_FORTRAN -mP1OPT_source_file_name=/usr/share/cmake/Modules/CMakeFortranCompilerABI.F -mP1OPT_full_source_file_name=/usr/share/cmake/Modules/CMakeFortranCompilerABI.F -mP2OPT_symtab_type_copy=true /tmp/ifortxeXMio.i]
  ignore line: [#include "..." search starts here:]
  ignore line: [#include <...> search starts here:]
  ignore line: [ /usr/share/cmake/Modules]
  ignore line: [ .]
  ignore line: [ /sw/spack-levante/intel-oneapi-mpi-2021.5.0-efceba/mpi/2021.5.0//include]
  ignore line: [ /sw/spack-levante/intel-oneapi-mpi-2021.5.0-efceba/mpi/2021.5.0/include]
  ignore line: [ /sw/spack-levante/intel-oneapi-compilers-2022.0.1-an2cbq/compiler/2022.0.1/linux/bin/intel64/../../compiler/include/intel64]
  ignore line: [ /sw/spack-levante/intel-oneapi-compilers-2022.0.1-an2cbq/compiler/2022.0.1/linux/bin/intel64/../../compiler/include/icc]
  ignore line: [ /sw/spack-levante/intel-oneapi-compilers-2022.0.1-an2cbq/compiler/2022.0.1/linux/bin/intel64/../../compiler/include]
  ignore line: [ /usr/local/include]
  ignore line: [ /sw/spack-levante/gcc-11.2.0-bcn7mb/lib/gcc/x86_64-pc-linux-gnu/11.2.0/include]
  ignore line: [ /sw/spack-levante/gcc-11.2.0-bcn7mb/lib/gcc/x86_64-pc-linux-gnu/11.2.0/include-fixed]
  ignore line: [ /sw/spack-levante/gcc-11.2.0-bcn7mb/include/]
  ignore line: [ /usr/include]
  ignore line: [End of search list.]
  ignore line: [Linking Fortran executable cmTC_2bbcd]
  ignore line: [/usr/bin/cmake -E cmake_link_script CMakeFiles/cmTC_2bbcd.dir/link.txt --verbose=1]
  ignore line: [/sw/spack-levante/intel-oneapi-mpi-2021.5.0-efceba/mpi/2021.5.0/bin/mpiifort  -v CMakeFiles/cmTC_2bbcd.dir/CMakeFortranCompilerABI.F.o -o cmTC_2bbcd ]
  ignore line: [mpiifort for the Intel(R) MPI Library 2021.5 for Linux*]
  ignore line: [Copyright Intel Corporation.]
  ignore line: [ifort version 2021.5.0]
  ignore line: [/sw/spack-levante/intel-oneapi-compilers-2022.0.1-an2cbq/compiler/2022.0.1/linux/bin/intel64/../../bin/intel64/fortcom    -mGLOB_em64t=TRUE -mP1OPT_version=2021.5.0-intel64 -mGLOB_diag_file=CMakeFiles/cmTC_2bbcd.dir/CMakeFortranCompilerABI.F.diag -mGLOB_long_size_64 -mGLOB_routine_pointer_size_64 -mGLOB_source_language=GLOB_SOURCE_LANGUAGE_F90 -mP2OPT_static_promotion -mGLOB_pack_sort_init_list -mP1OPT_print_version=FALSE -mCG_use_gas_got_workaround=F -mP2OPT_align_option_used=TRUE -mGLOB_gcc_version=1120 "-mGLOB_options_string=-I/sw/spack-levante/intel-oneapi-mpi-2021.5.0-efceba/mpi/2021.5.0//include -I/sw/spack-levante/intel-oneapi-mpi-2021.5.0-efceba/mpi/2021.5.0/include -Wl,--disable-new-dtags,-rpath,/sw/spack-levante/intel-oneapi-compilers-2022.0.1-an2cbq/compiler/2022.0.1/linux/compiler/lib/intel64_lin -v -o cmTC_2bbcd -L/sw/spack-levante/intel-oneapi-mpi-2021.5.0-efceba/mpi/2021.5.0/lib/release -L/sw/spack-levante/intel-oneapi-mpi-2021.5.0-efceba/mpi/2021.5.0/lib -Xlinker -rpath -Xlinker /sw/spack-levante/intel-oneapi-mpi-2021.5.0-efceba/mpi/2021.5.0/lib/release -Xlinker -rpath -Xlinker /sw/spack-levante/intel-oneapi-mpi-2021.5.0-efceba/mpi/2021.5.0/lib -lmpifort -lmpi -ldl -lrt -lpthread" -mGLOB_cxx_limited_range=FALSE -mCG_extend_parms=FALSE -mGLOB_compiler_bin_directory=/sw/spack-levante/intel-oneapi-compilers-2022.0.1-an2cbq/compiler/2022.0.1/linux/bin/intel64/../../bin/intel64 -mGLOB_as_output_backup_file_name=/tmp/iforter2pMoas_.s -mGLOB_dashboard_use_source_name -mIPOPT_activate -mGLOB_product_id_code=0x22006d91 -mP3OPT_use_mspp_call_convention -mP2OPT_subs_out_of_bound=FALSE -mP2OPT_disam_type_based_disam=2 -mGLOB_ansi_alias -mPGOPTI_value_profile_use=T -mGLOB_opt_report_use_source_name -mGLOB_offload_mode=1 -mGLOB_offload_no_openmp=TRUE -mP2OPT_offload_unique_var_string=ifort0885447324tkg3l0 -mP2OPT_hlo -mP2OPT_hpo_rtt_control=0 -mIPOPT_args_in_regs=0 -mP2OPT_disam_assume_nonstd_intent_in=FALSE -mGLOB_imf_mapping_library=/sw/spack-levante/intel-oneapi-compilers-2022.0.1-an2cbq/compiler/2022.0.1/linux/bin/intel64/../../bin/intel64/libiml_attr.so -mPGOPTI_gen_threadsafe_level=0 -mIPOPT_link -mIPOPT_ipo_activate -mIPOPT_mo_activate -mIPOPT_source_files_list=/tmp/ifortslisuNyTJ9 -mIPOPT_mo_global_data -mIPOPT_link_script_file=/tmp/ifortscriptOrsl9w "-mIPOPT_cmdline_link="/lib/../lib64/crt1.o" "/lib/../lib64/crti.o" "/sw/spack-levante/gcc-11.2.0-bcn7mb/lib/gcc/x86_64-pc-linux-gnu/11.2.0/crtbegin.o" "--eh-frame-hdr" "--build-id" "-dynamic-linker" "/lib64/ld-linux-x86-64.so.2" "-m" "elf_x86_64" "-L/sw/spack-levante/intel-oneapi-mpi-2021.5.0-efceba/mpi/2021.5.0/lib/release" "-L/sw/spack-levante/intel-oneapi-mpi-2021.5.0-efceba/mpi/2021.5.0/lib" "-plugin" "/sw/spack-levante/intel-oneapi-compilers-2022.0.1-an2cbq/compiler/2022.0.1/linux/bin/intel64/../../bin/intel64/../../lib/icx-lto.so" "-o" "cmTC_2bbcd" "/sw/spack-levante/intel-oneapi-compilers-2022.0.1-an2cbq/compiler/2022.0.1/linux/bin/intel64/../../compiler/lib/intel64_lin/for_main.o" "-L/sw/spack-levante/intel-oneapi-compilers-2022.0.1-an2cbq/compiler/2022.0.1/linux/bin/intel64/../../compiler/lib/intel64_lin" "-L/sw/spack-levante/gcc-11.2.0-bcn7mb/lib/gcc/x86_64-pc-linux-gnu/11.2.0/" "-L/sw/spack-levante/gcc-11.2.0-bcn7mb/lib/gcc/x86_64-pc-linux-gnu/11.2.0/../../../../lib64" "-L/sw/spack-levante/gcc-11.2.0-bcn7mb/lib/gcc/x86_64-pc-linux-gnu/11.2.0/../../../../lib64/" "-L/lib/../lib64" "-L/lib/../lib64/" "-L/usr/lib/../lib64" "-L/usr/lib/../lib64/" "-L/sw/spack-levante/gcc-11.2.0-bcn7mb/lib/gcc/x86_64-pc-linux-gnu/11.2.0/../../../" "-L/lib64" "-L/lib/" "-L/usr/lib64" "-L/usr/lib" "--disable-new-dtags" "-rpath" "/sw/spack-levante/intel-oneapi-compilers-2022.0.1-an2cbq/compiler/2022.0.1/linux/compiler/lib/intel64_lin" "CMakeFiles/cmTC_2bbcd.dir/CMakeFortranCompilerABI.F.o" "-rpath" "/sw/spack-levante/intel-oneapi-mpi-2021.5.0-efceba/mpi/2021.5.0/lib/release" "-rpath" "/sw/spack-levante/intel-oneapi-mpi-2021.5.0-efceba/mpi/2021.5.0/lib" "-lmpifort" "-lmpi" "-ldl" "-lrt" "-lpthread" "-Bdynamic" "-Bstatic" "-lifport" "-lifcoremt" "-limf" "-lsvml" "-Bdynamic" "-lm" "-Bstatic" "-lipgo" "-lirc" "-Bdynamic" "-lpthread" "-Bstatic" "-lsvml" "-Bdynamic" "-lc" "-lgcc" "-lgcc_s" "-Bstatic" "-lirc_s" "-Bdynamic" "-ldl" "-lc" "/sw/spack-levante/gcc-11.2.0-bcn7mb/lib/gcc/x86_64-pc-linux-gnu/11.2.0/crtend.o" "/lib/../lib64/crtn.o"" -mIPOPT_il_in_obj -mIPOPT_ipo_activate_warn=FALSE -mIPOPT_obj_output_file_name=/tmp/ipo_ifortwzydIx.o -mIPOPT_whole_archive_fixup_file_name=/tmp/ifortwarchfFav26 -mGLOB_linker_version=2.30 -mGLOB_linker=ld -mGLOB_driver_tempfile_name=/tmp/iforttempfileS78BYJ -mP3OPT_asm_target=P3OPT_ASM_TARGET_GAS -mGLOB_async_unwind_tables=TRUE -mGLOB_obj_output_file=/tmp/ipo_ifortwzydIx.o -mGLOB_source_dialect=GLOB_SOURCE_DIALECT_NONE -mP1OPT_source_file_name=ipo_out.f -mP2OPT_symtab_type_copy=true CMakeFiles/cmTC_2bbcd.dir/CMakeFortranCompilerABI.F.o -mIPOPT_object_files=T -mIPOPT_assembly_files=/tmp/ifortalis0qrXzl -mIPOPT_generated_tempfiles=/tmp/ifortelisuhyRh6 -mIPOPT_embedded_object_base_name=/tmp/iforteobjSS6NcX -mIPOPT_cmdline_link_new_name=/tmp/ifortllisMmM9SU]
  link line: [ld    /lib/../lib64/crt1.o /lib/../lib64/crti.o /sw/spack-levante/gcc-11.2.0-bcn7mb/lib/gcc/x86_64-pc-linux-gnu/11.2.0/crtbegin.o --eh-frame-hdr --build-id -dynamic-linker /lib64/ld-linux-x86-64.so.2 -m elf_x86_64 -L/sw/spack-levante/intel-oneapi-mpi-2021.5.0-efceba/mpi/2021.5.0/lib/release -L/sw/spack-levante/intel-oneapi-mpi-2021.5.0-efceba/mpi/2021.5.0/lib -plugin /sw/spack-levante/intel-oneapi-compilers-2022.0.1-an2cbq/compiler/2022.0.1/linux/bin/intel64/../../bin/intel64/../../lib/icx-lto.so -o cmTC_2bbcd /sw/spack-levante/intel-oneapi-compilers-2022.0.1-an2cbq/compiler/2022.0.1/linux/bin/intel64/../../compiler/lib/intel64_lin/for_main.o -L/sw/spack-levante/intel-oneapi-compilers-2022.0.1-an2cbq/compiler/2022.0.1/linux/bin/intel64/../../compiler/lib/intel64_lin -L/sw/spack-levante/gcc-11.2.0-bcn7mb/lib/gcc/x86_64-pc-linux-gnu/11.2.0/ -L/sw/spack-levante/gcc-11.2.0-bcn7mb/lib/gcc/x86_64-pc-linux-gnu/11.2.0/../../../../lib64 -L/sw/spack-levante/gcc-11.2.0-bcn7mb/lib/gcc/x86_64-pc-linux-gnu/11.2.0/../../../../lib64/ -L/lib/../lib64 -L/lib/../lib64/ -L/usr/lib/../lib64 -L/usr/lib/../lib64/ -L/sw/spack-levante/gcc-11.2.0-bcn7mb/lib/gcc/x86_64-pc-linux-gnu/11.2.0/../../../ -L/lib64 -L/lib/ -L/usr/lib64 -L/usr/lib --disable-new-dtags -rpath /sw/spack-levante/intel-oneapi-compilers-2022.0.1-an2cbq/compiler/2022.0.1/linux/compiler/lib/intel64_lin CMakeFiles/cmTC_2bbcd.dir/CMakeFortranCompilerABI.F.o -rpath /sw/spack-levante/intel-oneapi-mpi-2021.5.0-efceba/mpi/2021.5.0/lib/release -rpath /sw/spack-levante/intel-oneapi-mpi-2021.5.0-efceba/mpi/2021.5.0/lib -lmpifort -lmpi -ldl -lrt -lpthread -Bdynamic -Bstatic -lifport -lifcoremt -limf -lsvml -Bdynamic -lm -Bstatic -lipgo -lirc -Bdynamic -lpthread -Bstatic -lsvml -Bdynamic -lc -lgcc -lgcc_s -Bstatic -lirc_s -Bdynamic -ldl -lc /sw/spack-levante/gcc-11.2.0-bcn7mb/lib/gcc/x86_64-pc-linux-gnu/11.2.0/crtend.o /lib/../lib64/crtn.o]
    arg [ld] ==> ignore
    arg [/lib/../lib64/crt1.o] ==> obj [/lib/../lib64/crt1.o]
    arg [/lib/../lib64/crti.o] ==> obj [/lib/../lib64/crti.o]
    arg [/sw/spack-levante/gcc-11.2.0-bcn7mb/lib/gcc/x86_64-pc-linux-gnu/11.2.0/crtbegin.o] ==> obj [/sw/spack-levante/gcc-11.2.0-bcn7mb/lib/gcc/x86_64-pc-linux-gnu/11.2.0/crtbegin.o]
    arg [--eh-frame-hdr] ==> ignore
    arg [--build-id] ==> ignore
    arg [-dynamic-linker] ==> ignore
    arg [/lib64/ld-linux-x86-64.so.2] ==> ignore
    arg [-m] ==> ignore
    arg [elf_x86_64] ==> ignore
    arg [-L/sw/spack-levante/intel-oneapi-mpi-2021.5.0-efceba/mpi/2021.5.0/lib/release] ==> dir [/sw/spack-levante/intel-oneapi-mpi-2021.5.0-efceba/mpi/2021.5.0/lib/release]
    arg [-L/sw/spack-levante/intel-oneapi-mpi-2021.5.0-efceba/mpi/2021.5.0/lib] ==> dir [/sw/spack-levante/intel-oneapi-mpi-2021.5.0-efceba/mpi/2021.5.0/lib]
    arg [-plugin] ==> ignore
    arg [/sw/spack-levante/intel-oneapi-compilers-2022.0.1-an2cbq/compiler/2022.0.1/linux/bin/intel64/../../bin/intel64/../../lib/icx-lto.so] ==> ignore
    arg [-o] ==> ignore
    arg [cmTC_2bbcd] ==> ignore
    arg [/sw/spack-levante/intel-oneapi-compilers-2022.0.1-an2cbq/compiler/2022.0.1/linux/bin/intel64/../../compiler/lib/intel64_lin/for_main.o] ==> obj [/sw/spack-levante/intel-oneapi-compilers-2022.0.1-an2cbq/compiler/2022.0.1/linux/bin/intel64/../../compiler/lib/intel64_lin/for_main.o]
    arg [-L/sw/spack-levante/intel-oneapi-compilers-2022.0.1-an2cbq/compiler/2022.0.1/linux/bin/intel64/../../compiler/lib/intel64_lin] ==> dir [/sw/spack-levante/intel-oneapi-compilers-2022.0.1-an2cbq/compiler/2022.0.1/linux/bin/intel64/../../compiler/lib/intel64_lin]
    arg [-L/sw/spack-levante/gcc-11.2.0-bcn7mb/lib/gcc/x86_64-pc-linux-gnu/11.2.0/] ==> dir [/sw/spack-levante/gcc-11.2.0-bcn7mb/lib/gcc/x86_64-pc-linux-gnu/11.2.0/]
    arg [-L/sw/spack-levante/gcc-11.2.0-bcn7mb/lib/gcc/x86_64-pc-linux-gnu/11.2.0/../../../../lib64] ==> dir [/sw/spack-levante/gcc-11.2.0-bcn7mb/lib/gcc/x86_64-pc-linux-gnu/11.2.0/../../../../lib64]
    arg [-L/sw/spack-levante/gcc-11.2.0-bcn7mb/lib/gcc/x86_64-pc-linux-gnu/11.2.0/../../../../lib64/] ==> dir [/sw/spack-levante/gcc-11.2.0-bcn7mb/lib/gcc/x86_64-pc-linux-gnu/11.2.0/../../../../lib64/]
    arg [-L/lib/../lib64] ==> dir [/lib/../lib64]
    arg [-L/lib/../lib64/] ==> dir [/lib/../lib64/]
    arg [-L/usr/lib/../lib64] ==> dir [/usr/lib/../lib64]
    arg [-L/usr/lib/../lib64/] ==> dir [/usr/lib/../lib64/]
    arg [-L/sw/spack-levante/gcc-11.2.0-bcn7mb/lib/gcc/x86_64-pc-linux-gnu/11.2.0/../../../] ==> dir [/sw/spack-levante/gcc-11.2.0-bcn7mb/lib/gcc/x86_64-pc-linux-gnu/11.2.0/../../../]
    arg [-L/lib64] ==> dir [/lib64]
    arg [-L/lib/] ==> dir [/lib/]
    arg [-L/usr/lib64] ==> dir [/usr/lib64]
    arg [-L/usr/lib] ==> dir [/usr/lib]
    arg [--disable-new-dtags] ==> ignore
    arg [-rpath] ==> ignore
    arg [/sw/spack-levante/intel-oneapi-compilers-2022.0.1-an2cbq/compiler/2022.0.1/linux/compiler/lib/intel64_lin] ==> ignore
    arg [CMakeFiles/cmTC_2bbcd.dir/CMakeFortranCompilerABI.F.o] ==> ignore
    arg [-rpath] ==> ignore
    arg [/sw/spack-levante/intel-oneapi-mpi-2021.5.0-efceba/mpi/2021.5.0/lib/release] ==> ignore
    arg [-rpath] ==> ignore
    arg [/sw/spack-levante/intel-oneapi-mpi-2021.5.0-efceba/mpi/2021.5.0/lib] ==> ignore
    arg [-lmpifort] ==> lib [mpifort]
    arg [-lmpi] ==> lib [mpi]
    arg [-ldl] ==> lib [dl]
    arg [-lrt] ==> lib [rt]
    arg [-lpthread] ==> lib [pthread]
    arg [-Bdynamic] ==> ignore
    arg [-Bstatic] ==> ignore
    arg [-lifport] ==> lib [ifport]
    arg [-lifcoremt] ==> lib [ifcoremt]
    arg [-limf] ==> lib [imf]
    arg [-lsvml] ==> lib [svml]
    arg [-Bdynamic] ==> ignore
    arg [-lm] ==> lib [m]
    arg [-Bstatic] ==> ignore
    arg [-lipgo] ==> lib [ipgo]
    arg [-lirc] ==> lib [irc]
    arg [-Bdynamic] ==> ignore
    arg [-lpthread] ==> lib [pthread]
    arg [-Bstatic] ==> ignore
    arg [-lsvml] ==> lib [svml]
    arg [-Bdynamic] ==> ignore
    arg [-lc] ==> lib [c]
    arg [-lgcc] ==> lib [gcc]
    arg [-lgcc_s] ==> lib [gcc_s]
    arg [-Bstatic] ==> ignore
    arg [-lirc_s] ==> lib [irc_s]
    arg [-Bdynamic] ==> ignore
    arg [-ldl] ==> lib [dl]
    arg [-lc] ==> lib [c]
    arg [/sw/spack-levante/gcc-11.2.0-bcn7mb/lib/gcc/x86_64-pc-linux-gnu/11.2.0/crtend.o] ==> obj [/sw/spack-levante/gcc-11.2.0-bcn7mb/lib/gcc/x86_64-pc-linux-gnu/11.2.0/crtend.o]
    arg [/lib/../lib64/crtn.o] ==> obj [/lib/../lib64/crtn.o]
  collapse obj [/lib/../lib64/crt1.o] ==> [/lib64/crt1.o]
  collapse obj [/lib/../lib64/crti.o] ==> [/lib64/crti.o]
  collapse obj [/sw/spack-levante/intel-oneapi-compilers-2022.0.1-an2cbq/compiler/2022.0.1/linux/bin/intel64/../../compiler/lib/intel64_lin/for_main.o] ==> [/sw/spack-levante/intel-oneapi-compilers-2022.0.1-an2cbq/compiler/2022.0.1/linux/compiler/lib/intel64_lin/for_main.o]
  collapse obj [/lib/../lib64/crtn.o] ==> [/lib64/crtn.o]
  collapse library dir [/sw/spack-levante/intel-oneapi-mpi-2021.5.0-efceba/mpi/2021.5.0/lib/release] ==> [/sw/spack-levante/intel-oneapi-mpi-2021.5.0-efceba/mpi/2021.5.0/lib/release]
  collapse library dir [/sw/spack-levante/intel-oneapi-mpi-2021.5.0-efceba/mpi/2021.5.0/lib] ==> [/sw/spack-levante/intel-oneapi-mpi-2021.5.0-efceba/mpi/2021.5.0/lib]
  collapse library dir [/sw/spack-levante/intel-oneapi-compilers-2022.0.1-an2cbq/compiler/2022.0.1/linux/bin/intel64/../../compiler/lib/intel64_lin] ==> [/sw/spack-levante/intel-oneapi-compilers-2022.0.1-an2cbq/compiler/2022.0.1/linux/compiler/lib/intel64_lin]
  collapse library dir [/sw/spack-levante/gcc-11.2.0-bcn7mb/lib/gcc/x86_64-pc-linux-gnu/11.2.0/] ==> [/sw/spack-levante/gcc-11.2.0-bcn7mb/lib/gcc/x86_64-pc-linux-gnu/11.2.0]
  collapse library dir [/sw/spack-levante/gcc-11.2.0-bcn7mb/lib/gcc/x86_64-pc-linux-gnu/11.2.0/../../../../lib64] ==> [/sw/spack-levante/gcc-11.2.0-bcn7mb/lib64]
  collapse library dir [/sw/spack-levante/gcc-11.2.0-bcn7mb/lib/gcc/x86_64-pc-linux-gnu/11.2.0/../../../../lib64/] ==> [/sw/spack-levante/gcc-11.2.0-bcn7mb/lib64]
  collapse library dir [/lib/../lib64] ==> [/lib64]
  collapse library dir [/lib/../lib64/] ==> [/lib64]
  collapse library dir [/usr/lib/../lib64] ==> [/usr/lib64]
  collapse library dir [/usr/lib/../lib64/] ==> [/usr/lib64]
  collapse library dir [/sw/spack-levante/gcc-11.2.0-bcn7mb/lib/gcc/x86_64-pc-linux-gnu/11.2.0/../../../] ==> [/sw/spack-levante/gcc-11.2.0-bcn7mb/lib]
  collapse library dir [/lib64] ==> [/lib64]
  collapse library dir [/lib/] ==> [/lib]
  collapse library dir [/usr/lib64] ==> [/usr/lib64]
  collapse library dir [/usr/lib] ==> [/usr/lib]
  implicit libs: [mpifort;mpi;dl;rt;pthread;ifport;ifcoremt;imf;svml;m;ipgo;irc;pthread;svml;c;gcc;gcc_s;irc_s;dl;c]
  implicit objs: [/lib64/crt1.o;/lib64/crti.o;/sw/spack-levante/gcc-11.2.0-bcn7mb/lib/gcc/x86_64-pc-linux-gnu/11.2.0/crtbegin.o;/sw/spack-levante/intel-oneapi-compilers-2022.0.1-an2cbq/compiler/2022.0.1/linux/compiler/lib/intel64_lin/for_main.o;/sw/spack-levante/gcc-11.2.0-bcn7mb/lib/gcc/x86_64-pc-linux-gnu/11.2.0/crtend.o;/lib64/crtn.o]
  implicit dirs: [/sw/spack-levante/intel-oneapi-mpi-2021.5.0-efceba/mpi/2021.5.0/lib/release;/sw/spack-levante/intel-oneapi-mpi-2021.5.0-efceba/mpi/2021.5.0/lib;/sw/spack-levante/intel-oneapi-compilers-2022.0.1-an2cbq/compiler/2022.0.1/linux/compiler/lib/intel64_lin;/sw/spack-levante/gcc-11.2.0-bcn7mb/lib/gcc/x86_64-pc-linux-gnu/11.2.0;/sw/spack-levante/gcc-11.2.0-bcn7mb/lib64;/lib64;/usr/lib64;/sw/spack-levante/gcc-11.2.0-bcn7mb/lib;/lib;/usr/lib]
  implicit fwks: []


Determining if the Fortran compiler supports Fortran 90 passed with the following output:
Change Dir: /home/b/b382140/pinc-flow-tracer/cmake/CMakeFiles/CMakeTmp

Run Build Command(s):/usr/bin/gmake -f Makefile cmTC_b574f/fast && /usr/bin/gmake  -f CMakeFiles/cmTC_b574f.dir/build.make CMakeFiles/cmTC_b574f.dir/build
gmake[1]: Entering directory '/home/b/b382140/pinc-flow-tracer/cmake/CMakeFiles/CMakeTmp'
Building Fortran object CMakeFiles/cmTC_b574f.dir/testFortranCompilerF90.f90.o
/sw/spack-levante/intel-oneapi-mpi-2021.5.0-efceba/mpi/2021.5.0/bin/mpiifort    -c /home/b/b382140/pinc-flow-tracer/cmake/CMakeFiles/CMakeTmp/testFortranCompilerF90.f90 -o CMakeFiles/cmTC_b574f.dir/testFortranCompilerF90.f90.o
Linking Fortran executable cmTC_b574f
/usr/bin/cmake -E cmake_link_script CMakeFiles/cmTC_b574f.dir/link.txt --verbose=1
/sw/spack-levante/intel-oneapi-mpi-2021.5.0-efceba/mpi/2021.5.0/bin/mpiifort CMakeFiles/cmTC_b574f.dir/testFortranCompilerF90.f90.o -o cmTC_b574f 
gmake[1]: Leaving directory '/home/b/b382140/pinc-flow-tracer/cmake/CMakeFiles/CMakeTmp'



