Compiling the Fortran compiler identification source file "CMakeFortranCompilerId.F" failed.
Compiler: mpiifort 
Build flags: 
Id flags: -v 

The output was:
No such file or directory


Compiling the Fortran compiler identification source file "CMakeFortranCompilerId.F" failed.
Compiler: mpiifort 
Build flags: 
Id flags:  

The output was:
No such file or directory


Compiling the Fortran compiler identification source file "CMakeFortranCompilerId.F" failed.
Compiler: mpiifort 
Build flags: 
Id flags: -c 

The output was:
No such file or directory


Compiling the Fortran compiler identification source file "CMakeFortranCompilerId.F" failed.
Compiler: mpiifort 
Build flags: 
Id flags: -fpp 

The output was:
No such file or directory


Compiling the Fortran compiler identification source file "CMakeFortranCompilerId.F" failed.
Compiler: mpiifort 
Build flags: 
Id flags: -v 

The output was:
No such file or directory


Compiling the Fortran compiler identification source file "CMakeFortranCompilerId.F" failed.
Compiler: mpiifort 
Build flags: 
Id flags:  

The output was:
No such file or directory


Compiling the Fortran compiler identification source file "CMakeFortranCompilerId.F" failed.
Compiler: mpiifort 
Build flags: 
Id flags: -c 

The output was:
No such file or directory


Compiling the Fortran compiler identification source file "CMakeFortranCompilerId.F" failed.
Compiler: mpiifort 
Build flags: 
Id flags: -fpp 

The output was:
No such file or directory


Checking whether the Fortran compiler is Compaq using "-what" did not match "Compaq Visual Fortran":
Checking whether the Fortran compiler is NAG using "-V" did not match "NAG Fortran Compiler":
Checking whether the Fortran compiler is Compaq using "-what" did not match "Compaq Visual Fortran":
Checking whether the Fortran compiler is NAG using "-V" did not match "NAG Fortran Compiler":
Compiling the Fortran compiler identification source file "CMakeFortranCompilerId.F" failed.
Compiler: mpiifort 
Build flags: 
Id flags: -v 

The output was:
No such file or directory


Compiling the Fortran compiler identification source file "CMakeFortranCompilerId.F" failed.
Compiler: mpiifort 
Build flags: 
Id flags:  

The output was:
No such file or directory


Compiling the Fortran compiler identification source file "CMakeFortranCompilerId.F" failed.
Compiler: mpiifort 
Build flags: 
Id flags: -c 

The output was:
No such file or directory


Compiling the Fortran compiler identification source file "CMakeFortranCompilerId.F" failed.
Compiler: mpiifort 
Build flags: 
Id flags: -fpp 

The output was:
No such file or directory


Compiling the Fortran compiler identification source file "CMakeFortranCompilerId.F" failed.
Compiler: mpiifort 
Build flags: 
Id flags: -v 

The output was:
No such file or directory


Compiling the Fortran compiler identification source file "CMakeFortranCompilerId.F" failed.
Compiler: mpiifort 
Build flags: 
Id flags:  

The output was:
No such file or directory


Compiling the Fortran compiler identification source file "CMakeFortranCompilerId.F" failed.
Compiler: mpiifort 
Build flags: 
Id flags: -c 

The output was:
No such file or directory


Compiling the Fortran compiler identification source file "CMakeFortranCompilerId.F" failed.
Compiler: mpiifort 
Build flags: 
Id flags: -fpp 

The output was:
No such file or directory


Checking whether the Fortran compiler is Compaq using "-what" did not match "Compaq Visual Fortran":
Checking whether the Fortran compiler is NAG using "-V" did not match "NAG Fortran Compiler":
Checking whether the Fortran compiler is Compaq using "-what" did not match "Compaq Visual Fortran":
Checking whether the Fortran compiler is NAG using "-V" did not match "NAG Fortran Compiler":
Compiling the Fortran compiler identification source file "CMakeFortranCompilerId.F" failed.
Compiler: mpiifort 
Build flags: 
Id flags: -v 

The output was:
No such file or directory


Compiling the Fortran compiler identification source file "CMakeFortranCompilerId.F" failed.
Compiler: mpiifort 
Build flags: 
Id flags:  

The output was:
No such file or directory


Compiling the Fortran compiler identification source file "CMakeFortranCompilerId.F" failed.
Compiler: mpiifort 
Build flags: 
Id flags: -c 

The output was:
No such file or directory


Compiling the Fortran compiler identification source file "CMakeFortranCompilerId.F" failed.
Compiler: mpiifort 
Build flags: 
Id flags: -fpp 

The output was:
No such file or directory


Compiling the Fortran compiler identification source file "CMakeFortranCompilerId.F" failed.
Compiler: mpiifort 
Build flags: 
Id flags: -v 

The output was:
No such file or directory


Compiling the Fortran compiler identification source file "CMakeFortranCompilerId.F" failed.
Compiler: mpiifort 
Build flags: 
Id flags:  

The output was:
No such file or directory


Compiling the Fortran compiler identification source file "CMakeFortranCompilerId.F" failed.
Compiler: mpiifort 
Build flags: 
Id flags: -c 

The output was:
No such file or directory


Compiling the Fortran compiler identification source file "CMakeFortranCompilerId.F" failed.
Compiler: mpiifort 
Build flags: 
Id flags: -fpp 

The output was:
No such file or directory


Checking whether the Fortran compiler is Compaq using "-what" did not match "Compaq Visual Fortran":
Checking whether the Fortran compiler is NAG using "-V" did not match "NAG Fortran Compiler":
Checking whether the Fortran compiler is Compaq using "-what" did not match "Compaq Visual Fortran":
Checking whether the Fortran compiler is NAG using "-V" did not match "NAG Fortran Compiler":
Compiling the Fortran compiler identification source file "CMakeFortranCompilerId.F" failed.
Compiler: /sw/spack-levante/intel-oneapi-mpi-2021.5.0-mrcss7/mpi/2021.5.0/bin/mpiifort 
Build flags: 
Id flags: -v 

The output was:
127
mpiifort for the Intel(R) MPI Library 2021.5 for Linux*
Copyright Intel Corporation.
/sw/spack-levante/intel-oneapi-mpi-2021.5.0-mrcss7/mpi/2021.5.0/bin/mpiifort: line 682: ifort: command not found


Compiling the Fortran compiler identification source file "CMakeFortranCompilerId.F" failed.
Compiler: /sw/spack-levante/intel-oneapi-mpi-2021.5.0-mrcss7/mpi/2021.5.0/bin/mpiifort 
Build flags: 
Id flags:  

The output was:
127
/sw/spack-levante/intel-oneapi-mpi-2021.5.0-mrcss7/mpi/2021.5.0/bin/mpiifort: line 682: ifort: command not found


Compiling the Fortran compiler identification source file "CMakeFortranCompilerId.F" failed.
Compiler: /sw/spack-levante/intel-oneapi-mpi-2021.5.0-mrcss7/mpi/2021.5.0/bin/mpiifort 
Build flags: 
Id flags: -c 

The output was:
127
/sw/spack-levante/intel-oneapi-mpi-2021.5.0-mrcss7/mpi/2021.5.0/bin/mpiifort: line 695: ifort: command not found


Compiling the Fortran compiler identification source file "CMakeFortranCompilerId.F" failed.
Compiler: /sw/spack-levante/intel-oneapi-mpi-2021.5.0-mrcss7/mpi/2021.5.0/bin/mpiifort 
Build flags: 
Id flags: -fpp 

The output was:
127
/sw/spack-levante/intel-oneapi-mpi-2021.5.0-mrcss7/mpi/2021.5.0/bin/mpiifort: line 682: ifort: command not found


Compiling the Fortran compiler identification source file "CMakeFortranCompilerId.F" failed.
Compiler: /sw/spack-levante/intel-oneapi-mpi-2021.5.0-mrcss7/mpi/2021.5.0/bin/mpiifort 
Build flags: 
Id flags: -v 

The output was:
127
mpiifort for the Intel(R) MPI Library 2021.5 for Linux*
Copyright Intel Corporation.
/sw/spack-levante/intel-oneapi-mpi-2021.5.0-mrcss7/mpi/2021.5.0/bin/mpiifort: line 682: ifort: command not found


Compiling the Fortran compiler identification source file "CMakeFortranCompilerId.F" failed.
Compiler: /sw/spack-levante/intel-oneapi-mpi-2021.5.0-mrcss7/mpi/2021.5.0/bin/mpiifort 
Build flags: 
Id flags:  

The output was:
127
/sw/spack-levante/intel-oneapi-mpi-2021.5.0-mrcss7/mpi/2021.5.0/bin/mpiifort: line 682: ifort: command not found


Compiling the Fortran compiler identification source file "CMakeFortranCompilerId.F" failed.
Compiler: /sw/spack-levante/intel-oneapi-mpi-2021.5.0-mrcss7/mpi/2021.5.0/bin/mpiifort 
Build flags: 
Id flags: -c 

The output was:
127
/sw/spack-levante/intel-oneapi-mpi-2021.5.0-mrcss7/mpi/2021.5.0/bin/mpiifort: line 695: ifort: command not found


Compiling the Fortran compiler identification source file "CMakeFortranCompilerId.F" failed.
Compiler: /sw/spack-levante/intel-oneapi-mpi-2021.5.0-mrcss7/mpi/2021.5.0/bin/mpiifort 
Build flags: 
Id flags: -fpp 

The output was:
127
/sw/spack-levante/intel-oneapi-mpi-2021.5.0-mrcss7/mpi/2021.5.0/bin/mpiifort: line 682: ifort: command not found


Checking whether the Fortran compiler is Compaq using "-what" did not match "Compaq Visual Fortran":
/sw/spack-levante/intel-oneapi-mpi-2021.5.0-mrcss7/mpi/2021.5.0/bin/mpiifort: line 682: ifort: command not found
Checking whether the Fortran compiler is NAG using "-V" did not match "NAG Fortran Compiler":
/sw/spack-levante/intel-oneapi-mpi-2021.5.0-mrcss7/mpi/2021.5.0/bin/mpiifort: line 695: ifort: command not found
Checking whether the Fortran compiler is Compaq using "-what" did not match "Compaq Visual Fortran":
/sw/spack-levante/intel-oneapi-mpi-2021.5.0-mrcss7/mpi/2021.5.0/bin/mpiifort: line 682: ifort: command not found
Checking whether the Fortran compiler is NAG using "-V" did not match "NAG Fortran Compiler":
/sw/spack-levante/intel-oneapi-mpi-2021.5.0-mrcss7/mpi/2021.5.0/bin/mpiifort: line 695: ifort: command not found
Detecting Fortran compiler ABI info failed to compile with the following output:
Change Dir: /home/b/b382140/pinc-flow-tracer/cmake/CMakeFiles/CMakeTmp

Run Build Command(s):/usr/bin/gmake -f Makefile cmTC_1bf03/fast && /usr/bin/gmake  -f CMakeFiles/cmTC_1bf03.dir/build.make CMakeFiles/cmTC_1bf03.dir/build
gmake[1]: Entering directory '/home/b/b382140/pinc-flow-tracer/cmake/CMakeFiles/CMakeTmp'
Building Fortran object CMakeFiles/cmTC_1bf03.dir/CMakeFortranCompilerABI.F.o
/sw/spack-levante/intel-oneapi-mpi-2021.5.0-mrcss7/mpi/2021.5.0/bin/mpiifort    -c /usr/share/cmake/Modules/CMakeFortranCompilerABI.F -o CMakeFiles/cmTC_1bf03.dir/CMakeFortranCompilerABI.F.o
/sw/spack-levante/intel-oneapi-mpi-2021.5.0-mrcss7/mpi/2021.5.0/bin/mpiifort: line 695: ifort: command not found
gmake[1]: *** [CMakeFiles/cmTC_1bf03.dir/build.make:78: CMakeFiles/cmTC_1bf03.dir/CMakeFortranCompilerABI.F.o] Error 127
gmake[1]: Leaving directory '/home/b/b382140/pinc-flow-tracer/cmake/CMakeFiles/CMakeTmp'
gmake: *** [Makefile:127: cmTC_1bf03/fast] Error 2




Determining if the Fortran compiler works failed with the following output:
Change Dir: /home/b/b382140/pinc-flow-tracer/cmake/CMakeFiles/CMakeTmp

Run Build Command(s):/usr/bin/gmake -f Makefile cmTC_11351/fast && /usr/bin/gmake  -f CMakeFiles/cmTC_11351.dir/build.make CMakeFiles/cmTC_11351.dir/build
gmake[1]: Entering directory '/home/b/b382140/pinc-flow-tracer/cmake/CMakeFiles/CMakeTmp'
Building Fortran object CMakeFiles/cmTC_11351.dir/testFortranCompiler.f.o
/sw/spack-levante/intel-oneapi-mpi-2021.5.0-mrcss7/mpi/2021.5.0/bin/mpiifort    -c /home/b/b382140/pinc-flow-tracer/cmake/CMakeFiles/CMakeTmp/testFortranCompiler.f -o CMakeFiles/cmTC_11351.dir/testFortranCompiler.f.o
/sw/spack-levante/intel-oneapi-mpi-2021.5.0-mrcss7/mpi/2021.5.0/bin/mpiifort: line 695: ifort: command not found
gmake[1]: *** [CMakeFiles/cmTC_11351.dir/build.make:78: CMakeFiles/cmTC_11351.dir/testFortranCompiler.f.o] Error 127
gmake[1]: Leaving directory '/home/b/b382140/pinc-flow-tracer/cmake/CMakeFiles/CMakeTmp'
gmake: *** [Makefile:127: cmTC_11351/fast] Error 2



